#
# There is insufficient memory for the Java Runtime Environment to continue.
# Native memory allocation (malloc) failed to allocate 1302416 bytes for Chunk::new
# Possible reasons:
#   The system is out of physical RAM or swap space
#   The process is running with CompressedOops enabled, and the Java Heap may be blocking the growth of the native heap
# Possible solutions:
#   Reduce memory load on the system
#   Increase physical memory or swap space
#   Check if swap backing store is full
#   Decrease Java heap size (-Xmx/-Xms)
#   Decrease number of Java threads
#   Decrease Java thread stack sizes (-Xss)
#   Set larger code cache with -XX:ReservedCodeCacheSize=
#   JVM is running with Zero Based Compressed Oops mode in which the Java heap is
#     placed in the first 32GB address space. The Java Heap base address is the
#     maximum limit for the native heap growth. Please use -XX:HeapBaseMinAddress
#     to set the Java Heap base and to place the Java Heap above 32GB virtual address.
# This output file may be truncated or incomplete.
#
#  Out of Memory Error (allocation.cpp:389), pid=33052, tid=0x000000000000a28c
#
# JRE version: Java(TM) SE Runtime Environment (8.0_211-b12) (build 1.8.0_211-b12)
# Java VM: Java HotSpot(TM) 64-Bit Server VM (25.211-b12 mixed mode windows-amd64 compressed oops)
# Failed to write core dump. Minidumps are not enabled by default on client versions of Windows
#

---------------  T H R E A D  ---------------

Current thread (0x000000001f275800):  JavaThread "C2 CompilerThread1" daemon [_thread_in_native, id=41612, stack(0x000000001f9b0000,0x000000001fab0000)]

Stack: [0x000000001f9b0000,0x000000001fab0000]
[error occurred during error reporting (printing stack bounds), id 0xc0000005]

Native frames: (J=compiled Java code, j=interpreted, Vv=VM code, C=native code)


Current CompileTask:
C2:   2878 2397   !   4       java.net.URLClassLoader$1::run (63 bytes)


---------------  P R O C E S S  ---------------

Java Threads: ( => current thread )
  0x0000000024124000 JavaThread "Thread-6" [_thread_in_vm, id=44784, stack(0x0000000026c20000,0x0000000026d20000)]
  0x000000001f85b000 JavaThread "restartedMain" [_thread_blocked, id=42964, stack(0x0000000022090000,0x0000000022190000)]
  0x0000000020e52800 JavaThread "Thread-0" [_thread_blocked, id=12432, stack(0x0000000021f90000,0x0000000022090000)]
  0x000000001f351000 JavaThread "Service Thread" daemon [_thread_blocked, id=2120, stack(0x000000001fcb0000,0x000000001fdb0000)]
  0x000000001f304000 JavaThread "C1 CompilerThread3" daemon [_thread_blocked, id=44036, stack(0x000000001fbb0000,0x000000001fcb0000)]
  0x000000001f303000 JavaThread "C2 CompilerThread2" daemon [_thread_in_native, id=46420, stack(0x000000001fab0000,0x000000001fbb0000)]
=>0x000000001f275800 JavaThread "C2 CompilerThread1" daemon [_thread_in_native, id=41612, stack(0x000000001f9b0000,0x000000001fab0000)]
  0x000000001f275000 JavaThread "C2 CompilerThread0" daemon [_thread_in_native, id=336, stack(0x000000001f8b0000,0x000000001f9b0000)]
  0x000000001e507800 JavaThread "JDWP Command Reader" daemon [_thread_in_native, id=35684, stack(0x000000001efb0000,0x000000001f0b0000)]
  0x000000001e502800 JavaThread "JDWP Event Helper Thread" daemon [_thread_blocked, id=36132, stack(0x000000001eeb0000,0x000000001efb0000)]
  0x000000001e4f7000 JavaThread "JDWP Transport Listener: dt_socket" daemon [_thread_blocked, id=37720, stack(0x000000001edb0000,0x000000001eeb0000)]
  0x000000001e4eb800 JavaThread "Attach Listener" daemon [_thread_blocked, id=41716, stack(0x000000001ecb0000,0x000000001edb0000)]
  0x000000001e4eb000 JavaThread "Signal Dispatcher" daemon [_thread_blocked, id=43236, stack(0x000000001ebb0000,0x000000001ecb0000)]
  0x000000001c6b6800 JavaThread "Finalizer" daemon [_thread_blocked, id=10316, stack(0x000000001e9b0000,0x000000001eab0000)]
  0x000000001c6af800 JavaThread "Reference Handler" daemon [_thread_blocked, id=48512, stack(0x000000001e8b0000,0x000000001e9b0000)]
  0x00000000029fb000 JavaThread "main" [_thread_blocked, id=44968, stack(0x00000000028f0000,0x00000000029f0000)]

Other Threads:
  0x000000001c6a7000 VMThread [stack: 0x000000001e3b0000,0x000000001e4b0000] [id=7392]
  0x000000001f356000 WatcherThread [stack: 0x000000001fdb0000,0x000000001feb0000] [id=10812]

VM state:not at safepoint (normal execution)

VM Mutex/Monitor currently owned by a thread: None

heap address: 0x00000006c1c00000, size: 4068 MB, Compressed Oops mode: Zero based, Oop shift amount: 3
Narrow klass base: 0x0000000000000000, Narrow klass shift: 3
Compressed class space size: 1073741824 Address: 0x00000007c0000000

Heap:
 PSYoungGen      total 76288K, used 49961K [0x000000076b400000, 0x0000000772d00000, 0x00000007c0000000)
  eden space 65536K, 64% used [0x000000076b400000,0x000000076dd3e7d0,0x000000076f400000)
  from space 10752K, 71% used [0x000000076f400000,0x000000076fb8bee0,0x000000076fe80000)
  to   space 9728K, 0% used [0x0000000772380000,0x0000000772380000,0x0000000772d00000)
 ParOldGen       total 97280K, used 6503K [0x00000006c1c00000, 0x00000006c7b00000, 0x000000076b400000)
  object space 97280K, 6% used [0x00000006c1c00000,0x00000006c2259ea8,0x00000006c7b00000)
 Metaspace       used 27459K, capacity 28290K, committed 28416K, reserved 1073152K
  class space    used 3529K, capacity 3729K, committed 3840K, reserved 1048576K

Card table byte_map: [0x0000000012000000,0x0000000012800000] byte_map_base: 0x000000000e9f2000

Marking Bits: (ParMarkBitMap*) 0x000000005c365ce0
 Begin Bits: [0x0000000013550000, 0x00000000174e0000)
 End Bits:   [0x00000000174e0000, 0x000000001b470000)

Polling page: 0x0000000002780000

CodeCache: size=245760Kb used=8731Kb max_used=8731Kb free=237028Kb
 bounds [0x0000000002c40000, 0x00000000034d0000, 0x0000000011c40000]
 total_blobs=2867 nmethods=2459 adapters=327
 compilation: enabled

Compilation events (10 events):
Event: 2.859 Thread 0x000000001f304000 2462       1       java.util.stream.ReferencePipeline$StatelessOp::opIsStateful (2 bytes)
Event: 2.859 Thread 0x000000001f304000 nmethod 2462 0x00000000034c3190 code [0x00000000034c32e0, 0x00000000034c33f0]
Event: 2.866 Thread 0x000000001f304000 2464       3       org.springframework.util.StringUtils::collectionToDelimitedString (84 bytes)
Event: 2.867 Thread 0x000000001f304000 nmethod 2464 0x00000000034c3450 code [0x00000000034c36e0, 0x00000000034c48c8]
Event: 2.867 Thread 0x000000001f304000 2463       3       org.springframework.util.StringUtils::collectionToDelimitedString (10 bytes)
Event: 2.867 Thread 0x000000001f304000 nmethod 2463 0x00000000034c50d0 code [0x00000000034c5240, 0x00000000034c53c8]
Event: 2.867 Thread 0x000000001f304000 2465       1       java.io.ExpiringCache$Entry::val (5 bytes)
Event: 2.867 Thread 0x000000001f304000 nmethod 2465 0x00000000034c5450 code [0x00000000034c55a0, 0x00000000034c56b0]
Event: 2.870 Thread 0x000000001f304000 2466       3       java.io.WinNTFileSystem::normalizePrefix (132 bytes)
Event: 2.872 Thread 0x000000001f304000 nmethod 2466 0x00000000034c5710 code [0x00000000034c5ae0, 0x00000000034c8328]

GC Heap History (10 events):
Event: 1.494 GC heap before
{Heap before GC invocations=2 (full 0):
 PSYoungGen      total 76288K, used 73518K [0x000000076b400000, 0x0000000770900000, 0x00000007c0000000)
  eden space 65536K, 100% used [0x000000076b400000,0x000000076f400000,0x000000076f400000)
  from space 10752K, 74% used [0x000000076f400000,0x000000076fbcb968,0x000000076fe80000)
  to   space 10752K, 0% used [0x000000076fe80000,0x000000076fe80000,0x0000000770900000)
 ParOldGen       total 175104K, used 16K [0x00000006c1c00000, 0x00000006cc700000, 0x000000076b400000)
  object space 175104K, 0% used [0x00000006c1c00000,0x00000006c1c04000,0x00000006cc700000)
 Metaspace       used 12941K, capacity 13302K, committed 13568K, reserved 1060864K
  class space    used 1613K, capacity 1725K, committed 1792K, reserved 1048576K
Event: 1.499 GC heap after
Heap after GC invocations=2 (full 0):
 PSYoungGen      total 76288K, used 5707K [0x000000076b400000, 0x0000000770900000, 0x00000007c0000000)
  eden space 65536K, 0% used [0x000000076b400000,0x000000076b400000,0x000000076f400000)
  from space 10752K, 53% used [0x000000076fe80000,0x0000000770412de8,0x0000000770900000)
  to   space 10752K, 0% used [0x000000076f400000,0x000000076f400000,0x000000076fe80000)
 ParOldGen       total 175104K, used 24K [0x00000006c1c00000, 0x00000006cc700000, 0x000000076b400000)
  object space 175104K, 0% used [0x00000006c1c00000,0x00000006c1c06000,0x00000006cc700000)
 Metaspace       used 12941K, capacity 13302K, committed 13568K, reserved 1060864K
  class space    used 1613K, capacity 1725K, committed 1792K, reserved 1048576K
}
Event: 1.809 GC heap before
{Heap before GC invocations=3 (full 0):
 PSYoungGen      total 76288K, used 71243K [0x000000076b400000, 0x0000000770900000, 0x00000007c0000000)
  eden space 65536K, 100% used [0x000000076b400000,0x000000076f400000,0x000000076f400000)
  from space 10752K, 53% used [0x000000076fe80000,0x0000000770412de8,0x0000000770900000)
  to   space 10752K, 0% used [0x000000076f400000,0x000000076f400000,0x000000076fe80000)
 ParOldGen       total 175104K, used 24K [0x00000006c1c00000, 0x00000006cc700000, 0x000000076b400000)
  object space 175104K, 0% used [0x00000006c1c00000,0x00000006c1c06000,0x00000006cc700000)
 Metaspace       used 17976K, capacity 18514K, committed 18688K, reserved 1064960K
  class space    used 2264K, capacity 2433K, committed 2560K, reserved 1048576K
Event: 1.813 GC heap after
Heap after GC invocations=3 (full 0):
 PSYoungGen      total 76288K, used 8523K [0x000000076b400000, 0x0000000770900000, 0x00000007c0000000)
  eden space 65536K, 0% used [0x000000076b400000,0x000000076b400000,0x000000076f400000)
  from space 10752K, 79% used [0x000000076f400000,0x000000076fc52da0,0x000000076fe80000)
  to   space 10752K, 0% used [0x000000076fe80000,0x000000076fe80000,0x0000000770900000)
 ParOldGen       total 175104K, used 32K [0x00000006c1c00000, 0x00000006cc700000, 0x000000076b400000)
  object space 175104K, 0% used [0x00000006c1c00000,0x00000006c1c08000,0x00000006cc700000)
 Metaspace       used 17976K, capacity 18514K, committed 18688K, reserved 1064960K
  class space    used 2264K, capacity 2433K, committed 2560K, reserved 1048576K
}
Event: 1.919 GC heap before
{Heap before GC invocations=4 (full 0):
 PSYoungGen      total 76288K, used 43710K [0x000000076b400000, 0x0000000770900000, 0x00000007c0000000)
  eden space 65536K, 53% used [0x000000076b400000,0x000000076d65ccd0,0x000000076f400000)
  from space 10752K, 79% used [0x000000076f400000,0x000000076fc52da0,0x000000076fe80000)
  to   space 10752K, 0% used [0x000000076fe80000,0x000000076fe80000,0x0000000770900000)
 ParOldGen       total 175104K, used 32K [0x00000006c1c00000, 0x00000006cc700000, 0x000000076b400000)
  object space 175104K, 0% used [0x00000006c1c00000,0x00000006c1c08000,0x00000006cc700000)
 Metaspace       used 20629K, capacity 21160K, committed 21248K, reserved 1067008K
  class space    used 2630K, capacity 2788K, committed 2816K, reserved 1048576K
Event: 1.923 GC heap after
Heap after GC invocations=4 (full 0):
 PSYoungGen      total 76288K, used 6708K [0x000000076b400000, 0x0000000770900000, 0x00000007c0000000)
  eden space 65536K, 0% used [0x000000076b400000,0x000000076b400000,0x000000076f400000)
  from space 10752K, 62% used [0x000000076fe80000,0x000000077050d0a0,0x0000000770900000)
  to   space 10752K, 0% used [0x000000076f400000,0x000000076f400000,0x000000076fe80000)
 ParOldGen       total 175104K, used 40K [0x00000006c1c00000, 0x00000006cc700000, 0x000000076b400000)
  object space 175104K, 0% used [0x00000006c1c00000,0x00000006c1c0a000,0x00000006cc700000)
 Metaspace       used 20629K, capacity 21160K, committed 21248K, reserved 1067008K
  class space    used 2630K, capacity 2788K, committed 2816K, reserved 1048576K
}
Event: 1.923 GC heap before
{Heap before GC invocations=5 (full 1):
 PSYoungGen      total 76288K, used 6708K [0x000000076b400000, 0x0000000770900000, 0x00000007c0000000)
  eden space 65536K, 0% used [0x000000076b400000,0x000000076b400000,0x000000076f400000)
  from space 10752K, 62% used [0x000000076fe80000,0x000000077050d0a0,0x0000000770900000)
  to   space 10752K, 0% used [0x000000076f400000,0x000000076f400000,0x000000076fe80000)
 ParOldGen       total 175104K, used 40K [0x00000006c1c00000, 0x00000006cc700000, 0x000000076b400000)
  object space 175104K, 0% used [0x00000006c1c00000,0x00000006c1c0a000,0x00000006cc700000)
 Metaspace       used 20629K, capacity 21160K, committed 21248K, reserved 1067008K
  class space    used 2630K, capacity 2788K, committed 2816K, reserved 1048576K
Event: 1.946 GC heap after
Heap after GC invocations=5 (full 1):
 PSYoungGen      total 76288K, used 0K [0x000000076b400000, 0x0000000770900000, 0x00000007c0000000)
  eden space 65536K, 0% used [0x000000076b400000,0x000000076b400000,0x000000076f400000)
  from space 10752K, 0% used [0x000000076fe80000,0x000000076fe80000,0x0000000770900000)
  to   space 10752K, 0% used [0x000000076f400000,0x000000076f400000,0x000000076fe80000)
 ParOldGen       total 97280K, used 6431K [0x00000006c1c00000, 0x00000006c7b00000, 0x000000076b400000)
  object space 97280K, 6% used [0x00000006c1c00000,0x00000006c2247e98,0x00000006c7b00000)
 Metaspace       used 20629K, capacity 21160K, committed 21248K, reserved 1067008K
  class space    used 2630K, capacity 2788K, committed 2816K, reserved 1048576K
}
Event: 2.317 GC heap before
{Heap before GC invocations=6 (full 1):
 PSYoungGen      total 76288K, used 65536K [0x000000076b400000, 0x0000000770900000, 0x00000007c0000000)
  eden space 65536K, 100% used [0x000000076b400000,0x000000076f400000,0x000000076f400000)
  from space 10752K, 0% used [0x000000076fe80000,0x000000076fe80000,0x0000000770900000)
  to   space 10752K, 0% used [0x000000076f400000,0x000000076f400000,0x000000076fe80000)
 ParOldGen       total 97280K, used 6431K [0x00000006c1c00000, 0x00000006c7b00000, 0x000000076b400000)
  object space 97280K, 6% used [0x00000006c1c00000,0x00000006c2247e98,0x00000006c7b00000)
 Metaspace       used 25461K, capacity 26160K, committed 26240K, reserved 1073152K
  class space    used 3258K, capacity 3434K, committed 3456K, reserved 1048576K
Event: 2.321 GC heap after
Heap after GC invocations=6 (full 1):
 PSYoungGen      total 76288K, used 7727K [0x000000076b400000, 0x0000000772d00000, 0x00000007c0000000)
  eden space 65536K, 0% used [0x000000076b400000,0x000000076b400000,0x000000076f400000)
  from space 10752K, 71% used [0x000000076f400000,0x000000076fb8bee0,0x000000076fe80000)
  to   space 9728K, 0% used [0x0000000772380000,0x0000000772380000,0x0000000772d00000)
 ParOldGen       total 97280K, used 6503K [0x00000006c1c00000, 0x00000006c7b00000, 0x000000076b400000)
  object space 97280K, 6% used [0x00000006c1c00000,0x00000006c2259ea8,0x00000006c7b00000)
 Metaspace       used 25461K, capacity 26160K, committed 26240K, reserved 1073152K
  class space    used 3258K, capacity 3434K, committed 3456K, reserved 1048576K
}

Deoptimization events (10 events):
Event: 2.056 Thread 0x000000002125a800 Uncommon trap: reason=unstable_if action=reinterpret pc=0x000000000321f370 method=com.sun.org.apache.xerces.internal.impl.XMLEntityScanner.scanLiteral(ILcom/sun/org/apache/xerces/internal/xni/XMLString;Z)I @ 44
Event: 2.118 Thread 0x000000002125a800 Uncommon trap: reason=predicate action=maybe_recompile pc=0x00000000030ae27c method=java.lang.String.regionMatches(ZILjava/lang/String;II)Z @ 63
Event: 2.217 Thread 0x000000001f85b000 Uncommon trap: reason=unstable_if action=reinterpret pc=0x00000000030a25ec method=java.util.concurrent.ConcurrentHashMap.putVal(Ljava/lang/Object;Ljava/lang/Object;Z)Ljava/lang/Object; @ 206
Event: 2.228 Thread 0x000000001f85b000 Uncommon trap: reason=bimorphic action=maybe_recompile pc=0x0000000002f45448 method=java.util.HashMap.putVal(ILjava/lang/Object;Ljava/lang/Object;ZZ)Ljava/lang/Object; @ 203
Event: 2.359 Thread 0x000000001f85b000 Uncommon trap: reason=unstable_if action=reinterpret pc=0x000000000332f794 method=java.lang.reflect.Method.equals(Ljava/lang/Object;)Z @ 1
Event: 2.412 Thread 0x000000001f85b000 Uncommon trap: reason=unstable_if action=reinterpret pc=0x0000000003048294 method=org.springframework.util.ConcurrentReferenceHashMap$Segment.clear()V @ 4
Event: 2.725 Thread 0x000000001f85b000 Uncommon trap: reason=class_check action=maybe_recompile pc=0x0000000002f46188 method=java.lang.StringCoding$StringDecoder.decode([BII)[C @ 30
Event: 2.734 Thread 0x000000001f85b000 Uncommon trap: reason=unstable_if action=reinterpret pc=0x00000000030c482c method=java.net.URL.<init>(Ljava/net/URL;Ljava/lang/String;Ljava/net/URLStreamHandler;)V @ 347
Event: 2.751 Thread 0x000000001f85b000 Uncommon trap: reason=unstable_if action=reinterpret pc=0x0000000003474828 method=java.util.regex.Pattern$BmpCharProperty.match(Ljava/util/regex/Matcher;ILjava/lang/CharSequence;)Z @ 5
Event: 2.784 Thread 0x000000001f85b000 Uncommon trap: reason=unstable_if action=reinterpret pc=0x0000000002ecca34 method=java.io.WinNTFileSystem.normalize(Ljava/lang/String;)Ljava/lang/String; @ 128

Classes redefined (0 events):
No events

Internal exceptions (10 events):
Event: 2.374 Thread 0x000000001f85b000 Exception <a 'java/lang/ClassNotFoundException': org/springframework/cloud/bootstrap/config/PropertySourceBootstrapPropertiesCustomizer> (0x000000076bba3360) thrown at [C:\re\workspace\8-2-build-windows-amd64-cygwin\jdk8u211\12973\hotspot\src\share\vm\cla
Event: 2.379 Thread 0x000000001f85b000 Exception <a 'java/lang/ClassNotFoundException': java/lang/ObjectCustomizer> (0x000000076bc22588) thrown at [C:\re\workspace\8-2-build-windows-amd64-cygwin\jdk8u211\12973\hotspot\src\share\vm\classfile\systemDictionary.cpp, line 210]
Event: 2.380 Thread 0x000000001f85b000 Exception <a 'java/lang/ClassNotFoundException': org/springframework/cloud/bootstrap/encrypt/EnvironmentDecryptApplicationInitializerCustomizer> (0x000000076bc570b0) thrown at [C:\re\workspace\8-2-build-windows-amd64-cygwin\jdk8u211\12973\hotspot\src\shar
Event: 2.381 Thread 0x000000001f85b000 Exception <a 'java/lang/ClassNotFoundException': org/springframework/context/ApplicationContextInitializerCustomizer> (0x000000076bc88400) thrown at [C:\re\workspace\8-2-build-windows-amd64-cygwin\jdk8u211\12973\hotspot\src\share\vm\classfile\systemDictio
Event: 2.381 Thread 0x000000001f85b000 Exception <a 'java/lang/ClassNotFoundException': org/springframework/core/OrderedCustomizer> (0x000000076bca42c8) thrown at [C:\re\workspace\8-2-build-windows-amd64-cygwin\jdk8u211\12973\hotspot\src\share\vm\classfile\systemDictionary.cpp, line 210]
Event: 2.386 Thread 0x000000001f85b000 Exception <a 'java/lang/ClassNotFoundException': java/lang/ObjectCustomizer> (0x000000076bd262c8) thrown at [C:\re\workspace\8-2-build-windows-amd64-cygwin\jdk8u211\12973\hotspot\src\share\vm\classfile\systemDictionary.cpp, line 210]
Event: 2.387 Thread 0x000000001f85b000 Exception <a 'java/lang/ClassNotFoundException': org/springframework/cloud/context/properties/ConfigurationPropertiesRebinderCustomizer> (0x000000076bd57a48) thrown at [C:\re\workspace\8-2-build-windows-amd64-cygwin\jdk8u211\12973\hotspot\src\share\vm\cla
Event: 2.388 Thread 0x000000001f85b000 Exception <a 'java/lang/ClassNotFoundException': org/springframework/context/ApplicationContextAwareCustomizer> (0x000000076bd8a240) thrown at [C:\re\workspace\8-2-build-windows-amd64-cygwin\jdk8u211\12973\hotspot\src\share\vm\classfile\systemDictionary.c
Event: 2.388 Thread 0x000000001f85b000 Exception <a 'java/lang/ClassNotFoundException': org/springframework/context/ApplicationListenerCustomizer> (0x000000076bdad628) thrown at [C:\re\workspace\8-2-build-windows-amd64-cygwin\jdk8u211\12973\hotspot\src\share\vm\classfile\systemDictionary.cpp, 
Event: 2.749 Thread 0x000000001f85b000 Exception <a 'java/lang/NoClassDefFoundError': org/springframework/jdbc/CannotGetJdbcConnectionException> (0x000000076d02c0a0) thrown at [C:\re\workspace\8-2-build-windows-amd64-cygwin\jdk8u211\12973\hotspot\src\share\vm\classfile\systemDictionary.cpp, li

Events (10 events):
Event: 2.874 Thread 0x0000000024124000 DEOPT PACKING pc=0x00000000033bbfbc sp=0x0000000026d1eaf0
Event: 2.874 Thread 0x0000000024124000 DEOPT UNPACKING pc=0x0000000002c87890 sp=0x0000000026d1e820 mode 1
Event: 2.874 Thread 0x0000000024124000 DEOPT PACKING pc=0x00000000033b6094 sp=0x0000000026d1eb50
Event: 2.874 Thread 0x0000000024124000 DEOPT UNPACKING pc=0x0000000002c87890 sp=0x0000000026d1e918 mode 1
Event: 2.874 loading class org/springframework/web/servlet/DispatcherServlet
Event: 2.874 loading class org/springframework/web/servlet/DispatcherServlet done
Event: 2.876 loading class org/springframework/web/servlet/FrameworkServlet
Event: 2.876 loading class org/springframework/web/servlet/FrameworkServlet done
Event: 2.877 loading class org/springframework/web/servlet/HttpServletBean
Event: 2.877 loading class org/springframework/web/servlet/HttpServletBean done


Dynamic libraries:
0x00007ff7fd320000 - 0x00007ff7fd357000 	C:\Program Files\Java\jdk1.8.0_211\bin\java.exe
0x00007ffb3d450000 - 0x00007ffb3d645000 	C:\WINDOWS\SYSTEM32\ntdll.dll
0x00007ffb3b520000 - 0x00007ffb3b5dd000 	C:\WINDOWS\System32\KERNEL32.DLL
0x00007ffb3ae40000 - 0x00007ffb3b109000 	C:\WINDOWS\System32\KERNELBASE.dll
0x00007ffb3c490000 - 0x00007ffb3c53c000 	C:\WINDOWS\System32\ADVAPI32.dll
0x00007ffb3b8b0000 - 0x00007ffb3b94e000 	C:\WINDOWS\System32\msvcrt.dll
0x00007ffb3c560000 - 0x00007ffb3c5fb000 	C:\WINDOWS\System32\sechost.dll
0x00007ffb3cf50000 - 0x00007ffb3d07a000 	C:\WINDOWS\System32\RPCRT4.dll
0x00007ffb3b6a0000 - 0x00007ffb3b840000 	C:\WINDOWS\System32\USER32.dll
0x00007ffb3ab90000 - 0x00007ffb3abb2000 	C:\WINDOWS\System32\win32u.dll
0x00007ffb3d3e0000 - 0x00007ffb3d40a000 	C:\WINDOWS\System32\GDI32.dll
0x00007ffb3b300000 - 0x00007ffb3b40b000 	C:\WINDOWS\System32\gdi32full.dll
0x00007ffb3abc0000 - 0x00007ffb3ac5d000 	C:\WINDOWS\System32\msvcp_win.dll
0x00007ffb3ad40000 - 0x00007ffb3ae40000 	C:\WINDOWS\System32\ucrtbase.dll
0x00007ffb287f0000 - 0x00007ffb28a8a000 	C:\WINDOWS\WinSxS\amd64_microsoft.windows.common-controls_6595b64144ccf1df_6.0.19041.1110_none_60b5254171f9507e\COMCTL32.dll
0x00007ffb3b5e0000 - 0x00007ffb3b610000 	C:\WINDOWS\System32\IMM32.DLL
0x000000005cab0000 - 0x000000005cb82000 	C:\Program Files\Java\jdk1.8.0_211\jre\bin\msvcr100.dll
0x000000005bb40000 - 0x000000005c3e5000 	C:\Program Files\Java\jdk1.8.0_211\jre\bin\server\jvm.dll
0x00007ffb3bff0000 - 0x00007ffb3bff8000 	C:\WINDOWS\System32\PSAPI.DLL
0x00007ffb24780000 - 0x00007ffb24789000 	C:\WINDOWS\SYSTEM32\WSOCK32.dll
0x00007ffb26d10000 - 0x00007ffb26d37000 	C:\WINDOWS\SYSTEM32\WINMM.dll
0x00007ffb33e20000 - 0x00007ffb33e2a000 	C:\WINDOWS\SYSTEM32\VERSION.dll
0x00007ffb3c3c0000 - 0x00007ffb3c42b000 	C:\WINDOWS\System32\WS2_32.dll
0x00007ffb36300000 - 0x00007ffb3630f000 	C:\Program Files\Java\jdk1.8.0_211\jre\bin\verify.dll
0x00007ffb242b0000 - 0x00007ffb242d9000 	C:\Program Files\Java\jdk1.8.0_211\jre\bin\java.dll
0x00007ffb24120000 - 0x00007ffb24155000 	C:\Program Files\Java\jdk1.8.0_211\jre\bin\jdwp.dll
0x00007ffb35500000 - 0x00007ffb35508000 	C:\Program Files\Java\jdk1.8.0_211\jre\bin\npt.dll
0x00007ffb1f7f0000 - 0x00007ffb1f813000 	C:\Program Files\Java\jdk1.8.0_211\jre\bin\instrument.dll
0x00007ffb27e50000 - 0x00007ffb27e66000 	C:\Program Files\Java\jdk1.8.0_211\jre\bin\zip.dll
0x00007ffb3c6e0000 - 0x00007ffb3ce1f000 	C:\WINDOWS\System32\SHELL32.dll
0x00007ffb38ca0000 - 0x00007ffb39431000 	C:\WINDOWS\SYSTEM32\windows.storage.dll
0x00007ffb3c060000 - 0x00007ffb3c3b5000 	C:\WINDOWS\System32\combase.dll
0x00007ffb3a600000 - 0x00007ffb3a62c000 	C:\WINDOWS\SYSTEM32\Wldp.dll
0x00007ffb3ba20000 - 0x00007ffb3bace000 	C:\WINDOWS\System32\SHCORE.dll
0x00007ffb3b840000 - 0x00007ffb3b895000 	C:\WINDOWS\System32\shlwapi.dll
0x00007ffb3aad0000 - 0x00007ffb3aaef000 	C:\WINDOWS\SYSTEM32\profapi.dll
0x00007ffb35480000 - 0x00007ffb35489000 	C:\Program Files\Java\jdk1.8.0_211\jre\bin\dt_socket.dll
0x00007ffb3a360000 - 0x00007ffb3a3ca000 	C:\WINDOWS\system32\mswsock.dll
0x00007ffb24290000 - 0x00007ffb242aa000 	C:\Program Files\Java\jdk1.8.0_211\jre\bin\net.dll
0x00007ffb2b530000 - 0x00007ffb2b71c000 	C:\WINDOWS\SYSTEM32\urlmon.dll
0x00007ffb2b900000 - 0x00007ffb2bbb0000 	C:\WINDOWS\SYSTEM32\iertutil.dll
0x00007ffb2b500000 - 0x00007ffb2b528000 	C:\WINDOWS\SYSTEM32\srvcli.dll
0x00007ffb3a040000 - 0x00007ffb3a04c000 	C:\WINDOWS\SYSTEM32\netutils.dll
0x00007ffb3a000000 - 0x00007ffb3a03b000 	C:\WINDOWS\SYSTEM32\IPHLPAPI.DLL
0x00007ffb3b8a0000 - 0x00007ffb3b8a8000 	C:\WINDOWS\System32\NSI.dll
0x00007ffb382b0000 - 0x00007ffb382c7000 	C:\WINDOWS\SYSTEM32\dhcpcsvc6.DLL
0x00007ffb38280000 - 0x00007ffb3829d000 	C:\WINDOWS\SYSTEM32\dhcpcsvc.DLL
0x00007ffb3a050000 - 0x00007ffb3a11c000 	C:\WINDOWS\SYSTEM32\DNSAPI.dll
0x00007ffb272b0000 - 0x00007ffb272ba000 	C:\Windows\System32\rasadhlp.dll
0x00007ffb35520000 - 0x00007ffb3552d000 	C:\Program Files\Java\jdk1.8.0_211\jre\bin\management.dll
0x00007ffb247b0000 - 0x00007ffb247c7000 	C:\WINDOWS\system32\napinsp.dll
0x00007ffb278e0000 - 0x00007ffb278fb000 	C:\WINDOWS\system32\pnrpnsp.dll
0x00007ffb27580000 - 0x00007ffb27595000 	C:\WINDOWS\system32\wshbth.dll
0x00007ffb361f0000 - 0x00007ffb3620d000 	C:\WINDOWS\system32\NLAapi.dll
0x00007ffb35560000 - 0x00007ffb35572000 	C:\WINDOWS\System32\winrnr.dll
0x00007ffb274f0000 - 0x00007ffb2756f000 	C:\WINDOWS\System32\fwpuclnt.dll
0x00007ffb3ad10000 - 0x00007ffb3ad37000 	C:\WINDOWS\System32\bcrypt.dll
0x00007ffb24270000 - 0x00007ffb24282000 	C:\Program Files\Java\jdk1.8.0_211\jre\bin\nio.dll

VM Arguments:
jvm_args: -agentlib:jdwp=transport=dt_socket,address=127.0.0.1:54857,suspend=y,server=n -javaagent:C:\Users\Cooper\AppData\Local\JetBrains\IdeaIC2020.1\captureAgent\debugger-agent.jar -Dfile.encoding=UTF-8 
java_command: com.cloud.sentence.SentenceApp
java_class_path (initial): C:\Program Files\Java\jdk1.8.0_211\jre\lib\charsets.jar;C:\Program Files\Java\jdk1.8.0_211\jre\lib\deploy.jar;C:\Program Files\Java\jdk1.8.0_211\jre\lib\ext\access-bridge-64.jar;C:\Program Files\Java\jdk1.8.0_211\jre\lib\ext\cldrdata.jar;C:\Program Files\Java\jdk1.8.0_211\jre\lib\ext\dnsns.jar;C:\Program Files\Java\jdk1.8.0_211\jre\lib\ext\jaccess.jar;C:\Program Files\Java\jdk1.8.0_211\jre\lib\ext\jfxrt.jar;C:\Program Files\Java\jdk1.8.0_211\jre\lib\ext\localedata.jar;C:\Program Files\Java\jdk1.8.0_211\jre\lib\ext\nashorn.jar;C:\Program Files\Java\jdk1.8.0_211\jre\lib\ext\sunec.jar;C:\Program Files\Java\jdk1.8.0_211\jre\lib\ext\sunjce_provider.jar;C:\Program Files\Java\jdk1.8.0_211\jre\lib\ext\sunmscapi.jar;C:\Program Files\Java\jdk1.8.0_211\jre\lib\ext\sunpkcs11.jar;C:\Program Files\Java\jdk1.8.0_211\jre\lib\ext\zipfs.jar;C:\Program Files\Java\jdk1.8.0_211\jre\lib\javaws.jar;C:\Program Files\Java\jdk1.8.0_211\jre\lib\jce.jar;C:\Program Files\Java\jdk1.8.0_211\jre\lib\jfr.jar;C:\Program Files\Java\jdk1.8.0_211\jre\lib\jfxswt.jar;C:\Program Files\Java\jdk1.8.0_211\jre\lib\jsse.jar;C:\Program Files\Java\jdk1.8.0_211\jre\lib\management-agent.jar;C:\Program Files\Java\jdk1.8.0_211\jre\lib\plugin.jar;C:\Program Files\Java\jdk1.8.0_211\jre\lib\resources.jar;C:\Program Files\Java\jdk1.8.0_211\jre\lib\rt.jar;C:\Users\Cooper\IdeaProjects\spring-cloud-test\eureka-client-sentence-app\target\classes;C:\Users\Cooper\.m2\repository\org\springframework\cloud\spring-cloud-starter-netflix-eureka-client\2.0.0.RELEASE\spring-cloud-starter-netflix-eureka-client-2.0.0.RELEASE.jar;C:\Users\Cooper\.m2\repository\org\springframework\cloud\spring-cloud-starter\2.0.0.RELEASE\spring-cloud-starter-2.0.0.RELEASE.jar;C:\Users\Cooper\.m2\repository\org\springframework\cloud\spring-cloud-context\2.0.0.RELEASE\spring-cloud-context-2.0.0.RELEASE.jar;C:\Users\Cooper\.m2\repository\org\springframework\security\spring-security-crypto\5.0.4.RELEASE\spring-security-crypto-5.0
Launcher Type: SUN_STANDARD

Environment Variables:
JAVA_HOME=C:\Program Files\Java\jdk1.8.0_211
PATH=C:\WINDOWS\system32;C:\WINDOWS;C:\WINDOWS\System32\Wbem;C:\WINDOWS\System32\WindowsPowerShell\v1.0\;C:\WINDOWS\System32\OpenSSH\;C:\Program Files\Java\jdk1.8.0_211\bin;C:\Program Files\Apache\apache-maven-3.6.1\bin;C:\Program Files\Git\cmd;C:\Program Files\nodejs\;C:\Users\Cooper\AppData\Local\Programs\Python\Python38-32\Scripts\;C:\Users\Cooper\AppData\Local\Programs\Python\Python38-32\;C:\Users\Cooper\AppData\Local\Microsoft\WindowsApps;;C:\Program Files\JetBrains\PyCharm Community Edition 2020.1.2\bin;;C:\Program Files\JetBrains\WebStorm 2020.2.3\bin;;C:\Users\Cooper\AppData\Local\Programs\Microsoft VS Code\bin;C:\Users\Cooper\AppData\Roaming\npm
USERNAME=Cooper
OS=Windows_NT
PROCESSOR_IDENTIFIER=Intel64 Family 6 Model 158 Stepping 9, GenuineIntel



---------------  S Y S T E M  ---------------

OS: Windows 10.0 , 64 bit Build 19041 (10.0.19041.1023)

CPU:total 8 (initial active 8) (4 cores per cpu, 2 threads per core) family 6 model 158 stepping 9, cmov, cx8, fxsr, mmx, sse, sse2, sse3, ssse3, sse4.1, sse4.2, popcnt, avx, avx2, aes, clmul, erms, 3dnowpref, lzcnt, ht, tsc, tscinvbit, bmi1, bmi2, adx

Memory: 4k page, physical 16659600k(8254216k free), swap 17478800k(11100k free)

vm_info: Java HotSpot(TM) 64-Bit Server VM (25.211-b12) for windows-amd64 JRE (1.8.0_211-b12), built on Apr  1 2019 20:53:26 by "java_re" with MS VC++ 10.0 (VS2010)

time: Wed Aug 04 23:19:13 2021
timezone: Central European Daylight Time
elapsed time: 2 seconds (0d 0h 0m 2s)

