#
# There is insufficient memory for the Java Runtime Environment to continue.
# Native memory allocation (malloc) failed to allocate 32744 bytes for ChunkPool::allocate
# Possible reasons:
#   The system is out of physical RAM or swap space
#   The process is running with CompressedOops enabled, and the Java Heap may be blocking the growth of the native heap
# Possible solutions:
#   Reduce memory load on the system
#   Increase physical memory or swap space
#   Check if swap backing store is full
#   Decrease Java heap size (-Xmx/-Xms)
#   Decrease number of Java threads
#   Decrease Java thread stack sizes (-Xss)
#   Set larger code cache with -XX:ReservedCodeCacheSize=
#   JVM is running with Zero Based Compressed Oops mode in which the Java heap is
#     placed in the first 32GB address space. The Java Heap base address is the
#     maximum limit for the native heap growth. Please use -XX:HeapBaseMinAddress
#     to set the Java Heap base and to place the Java Heap above 32GB virtual address.
# This output file may be truncated or incomplete.
#
#  Out of Memory Error (allocation.cpp:272), pid=42828, tid=0x000000000000b394
#
# JRE version: Java(TM) SE Runtime Environment (8.0_211-b12) (build 1.8.0_211-b12)
# Java VM: Java HotSpot(TM) 64-Bit Server VM (25.211-b12 mixed mode windows-amd64 compressed oops)
# Failed to write core dump. Minidumps are not enabled by default on client versions of Windows
#

---------------  T H R E A D  ---------------

Current thread (0x000000001f0eb800):  JavaThread "C2 CompilerThread1" daemon [_thread_in_native, id=45972, stack(0x000000001f8b0000,0x000000001f9b0000)]

Stack: [0x000000001f8b0000,0x000000001f9b0000]
[error occurred during error reporting (printing stack bounds), id 0xc0000005]

Native frames: (J=compiled Java code, j=interpreted, Vv=VM code, C=native code)


Current CompileTask:
C2:   3985 2389       4       org.springframework.asm.Type::getReturnType (49 bytes)


---------------  P R O C E S S  ---------------

Java Threads: ( => current thread )
  0x000000001f1a9000 JavaThread "Service Thread" daemon [_thread_blocked, id=45908, stack(0x000000001fbb0000,0x000000001fcb0000)]
  0x000000001f0ed000 JavaThread "C1 CompilerThread3" daemon [_thread_blocked, id=49136, stack(0x000000001fab0000,0x000000001fbb0000)]
  0x000000001f0ec800 JavaThread "C2 CompilerThread2" daemon [_thread_in_native, id=48508, stack(0x000000001f9b0000,0x000000001fab0000)]
=>0x000000001f0eb800 JavaThread "C2 CompilerThread1" daemon [_thread_in_native, id=45972, stack(0x000000001f8b0000,0x000000001f9b0000)]
  0x000000001f0eb000 JavaThread "C2 CompilerThread0" daemon [_thread_in_native, id=38044, stack(0x000000001f7b0000,0x000000001f8b0000)]
  0x000000001e40a800 JavaThread "JDWP Command Reader" daemon [_thread_in_native, id=45620, stack(0x000000001eeb0000,0x000000001efb0000)]
  0x000000001e409000 JavaThread "JDWP Event Helper Thread" daemon [_thread_blocked, id=796, stack(0x000000001edb0000,0x000000001eeb0000)]
  0x000000001e3fe000 JavaThread "JDWP Transport Listener: dt_socket" daemon [_thread_blocked, id=49628, stack(0x000000001ecb0000,0x000000001edb0000)]
  0x000000001e3ec000 JavaThread "Attach Listener" daemon [_thread_blocked, id=36944, stack(0x000000001ebb0000,0x000000001ecb0000)]
  0x000000001e3eb000 JavaThread "Signal Dispatcher" daemon [_thread_blocked, id=45444, stack(0x000000001eab0000,0x000000001ebb0000)]
  0x000000001e3d1800 JavaThread "Finalizer" daemon [_thread_blocked, id=48616, stack(0x000000001e8b0000,0x000000001e9b0000)]
  0x000000001e3d0800 JavaThread "Reference Handler" daemon [_thread_blocked, id=49632, stack(0x000000001e7b0000,0x000000001e8b0000)]
  0x0000000002958000 JavaThread "main" [_thread_in_vm, id=41908, stack(0x0000000002850000,0x0000000002950000)]

Other Threads:
  0x000000001c5c6800 VMThread [stack: 0x000000001e2b0000,0x000000001e3b0000] [id=45940]
  0x000000001f231000 WatcherThread [stack: 0x000000001fcb0000,0x000000001fdb0000] [id=43540]

VM state:not at safepoint (normal execution)

VM Mutex/Monitor currently owned by a thread: None

heap address: 0x00000006c1c00000, size: 4068 MB, Compressed Oops mode: Zero based, Oop shift amount: 3
Narrow klass base: 0x0000000000000000, Narrow klass shift: 3
Compressed class space size: 1073741824 Address: 0x00000007c0000000

Heap:
 PSYoungGen      total 76288K, used 43264K [0x000000076b400000, 0x0000000770900000, 0x00000007c0000000)
  eden space 65536K, 59% used [0x000000076b400000,0x000000076da14fe0,0x000000076f400000)
  from space 10752K, 39% used [0x000000076fe80000,0x00000007702ab320,0x0000000770900000)
  to   space 10752K, 0% used [0x000000076f400000,0x000000076f400000,0x000000076fe80000)
 ParOldGen       total 118784K, used 10722K [0x00000006c1c00000, 0x00000006c9000000, 0x000000076b400000)
  object space 118784K, 9% used [0x00000006c1c00000,0x00000006c2678858,0x00000006c9000000)
 Metaspace       used 24030K, capacity 24380K, committed 24576K, reserved 1071104K
  class space    used 2963K, capacity 3055K, committed 3072K, reserved 1048576K

Card table byte_map: [0x0000000011f20000,0x0000000012720000] byte_map_base: 0x000000000e912000

Marking Bits: (ParMarkBitMap*) 0x000000005c365ce0
 Begin Bits: [0x0000000013470000, 0x0000000017400000)
 End Bits:   [0x0000000017400000, 0x000000001b390000)

Polling page: 0x0000000001040000

CodeCache: size=245760Kb used=9181Kb max_used=9190Kb free=236578Kb
 bounds [0x0000000002b60000, 0x0000000003470000, 0x0000000011b60000]
 total_blobs=2755 nmethods=2382 adapters=293
 compilation: enabled

Compilation events (10 events):
Event: 3.976 Thread 0x000000001f0ed000 2386   !   3       com.sun.proxy.$Proxy13::value (29 bytes)
Event: 3.976 Thread 0x000000001f0ed000 nmethod 2386 0x000000000345c850 code [0x000000000345c9e0, 0x000000000345ce78]
Event: 3.976 Thread 0x000000001f0ed000 2387       3       org.springframework.asm.ClassVisitor::<init> (35 bytes)
Event: 3.977 Thread 0x000000001f0ed000 nmethod 2387 0x000000000345c250 code [0x000000000345c3e0, 0x000000000345c708]
Event: 3.979 Thread 0x000000001f0eb800 nmethod 2384 0x000000000345bcd0 code [0x000000000345be20, 0x000000000345c098]
Event: 3.979 Thread 0x000000001f0eb800 2388       4       java.nio.Buffer::nextGetIndex (38 bytes)
Event: 3.980 Thread 0x000000001f0eb800 nmethod 2388 0x00000000032e7110 code [0x00000000032e7240, 0x00000000032e72d8]
Event: 3.983 Thread 0x000000001f0eb800 2389       4       org.springframework.asm.Type::getReturnType (49 bytes)
Event: 3.983 Thread 0x000000001f0ed000 2390       3       org.springframework.util.LinkedMultiValueMap::<init> (16 bytes)
Event: 3.983 Thread 0x000000001f0ed000 nmethod 2390 0x000000000345b5d0 code [0x000000000345b760, 0x000000000345bb10]

GC Heap History (10 events):
Event: 1.979 GC heap before
{Heap before GC invocations=2 (full 1):
 PSYoungGen      total 76288K, used 5210K [0x000000076b400000, 0x0000000770900000, 0x00000007c0000000)
  eden space 65536K, 0% used [0x000000076b400000,0x000000076b400000,0x000000076f400000)
  from space 10752K, 48% used [0x000000076f400000,0x000000076f916900,0x000000076fe80000)
  to   space 10752K, 0% used [0x000000076fe80000,0x000000076fe80000,0x0000000770900000)
 ParOldGen       total 175104K, used 16K [0x00000006c1c00000, 0x00000006cc700000, 0x000000076b400000)
  object space 175104K, 0% used [0x00000006c1c00000,0x00000006c1c04000,0x00000006cc700000)
 Metaspace       used 8966K, capacity 8988K, committed 9088K, reserved 1060864K
  class space    used 1071K, capacity 1076K, committed 1152K, reserved 1048576K
Event: 2.001 GC heap after
Heap after GC invocations=2 (full 1):
 PSYoungGen      total 76288K, used 0K [0x000000076b400000, 0x0000000770900000, 0x00000007c0000000)
  eden space 65536K, 0% used [0x000000076b400000,0x000000076b400000,0x000000076f400000)
  from space 10752K, 0% used [0x000000076f400000,0x000000076f400000,0x000000076fe80000)
  to   space 10752K, 0% used [0x000000076fe80000,0x000000076fe80000,0x0000000770900000)
 ParOldGen       total 118784K, used 4905K [0x00000006c1c00000, 0x00000006c9000000, 0x000000076b400000)
  object space 118784K, 4% used [0x00000006c1c00000,0x00000006c20ca5e0,0x00000006c9000000)
 Metaspace       used 8966K, capacity 8988K, committed 9088K, reserved 1058816K
  class space    used 1071K, capacity 1076K, committed 1152K, reserved 1048576K
}
Event: 2.500 GC heap before
{Heap before GC invocations=3 (full 1):
 PSYoungGen      total 76288K, used 65536K [0x000000076b400000, 0x0000000770900000, 0x00000007c0000000)
  eden space 65536K, 100% used [0x000000076b400000,0x000000076f400000,0x000000076f400000)
  from space 10752K, 0% used [0x000000076f400000,0x000000076f400000,0x000000076fe80000)
  to   space 10752K, 0% used [0x000000076fe80000,0x000000076fe80000,0x0000000770900000)
 ParOldGen       total 118784K, used 4905K [0x00000006c1c00000, 0x00000006c9000000, 0x000000076b400000)
  object space 118784K, 4% used [0x00000006c1c00000,0x00000006c20ca5e0,0x00000006c9000000)
 Metaspace       used 16560K, capacity 16718K, committed 17024K, reserved 1064960K
  class space    used 2022K, capacity 2071K, committed 2176K, reserved 1048576K
Event: 2.508 GC heap after
Heap after GC invocations=3 (full 1):
 PSYoungGen      total 76288K, used 10435K [0x000000076b400000, 0x0000000770900000, 0x00000007c0000000)
  eden space 65536K, 0% used [0x000000076b400000,0x000000076b400000,0x000000076f400000)
  from space 10752K, 97% used [0x000000076fe80000,0x00000007708b0f00,0x0000000770900000)
  to   space 10752K, 0% used [0x000000076f400000,0x000000076f400000,0x000000076fe80000)
 ParOldGen       total 118784K, used 4977K [0x00000006c1c00000, 0x00000006c9000000, 0x000000076b400000)
  object space 118784K, 4% used [0x00000006c1c00000,0x00000006c20dc5f0,0x00000006c9000000)
 Metaspace       used 16560K, capacity 16718K, committed 17024K, reserved 1064960K
  class space    used 2022K, capacity 2071K, committed 2176K, reserved 1048576K
}
Event: 2.921 GC heap before
{Heap before GC invocations=4 (full 1):
 PSYoungGen      total 76288K, used 55610K [0x000000076b400000, 0x0000000770900000, 0x00000007c0000000)
  eden space 65536K, 68% used [0x000000076b400000,0x000000076e01dc40,0x000000076f400000)
  from space 10752K, 97% used [0x000000076fe80000,0x00000007708b0f00,0x0000000770900000)
  to   space 10752K, 0% used [0x000000076f400000,0x000000076f400000,0x000000076fe80000)
 ParOldGen       total 118784K, used 4977K [0x00000006c1c00000, 0x00000006c9000000, 0x000000076b400000)
  object space 118784K, 4% used [0x00000006c1c00000,0x00000006c20dc5f0,0x00000006c9000000)
 Metaspace       used 21044K, capacity 21228K, committed 21296K, reserved 1069056K
  class space    used 2583K, capacity 2679K, committed 2688K, reserved 1048576K
Event: 2.928 GC heap after
Heap after GC invocations=4 (full 1):
 PSYoungGen      total 76288K, used 8969K [0x000000076b400000, 0x0000000770900000, 0x00000007c0000000)
  eden space 65536K, 0% used [0x000000076b400000,0x000000076b400000,0x000000076f400000)
  from space 10752K, 83% used [0x000000076f400000,0x000000076fcc2538,0x000000076fe80000)
  to   space 10752K, 0% used [0x000000076fe80000,0x000000076fe80000,0x0000000770900000)
 ParOldGen       total 118784K, used 4985K [0x00000006c1c00000, 0x00000006c9000000, 0x000000076b400000)
  object space 118784K, 4% used [0x00000006c1c00000,0x00000006c20de5f0,0x00000006c9000000)
 Metaspace       used 21044K, capacity 21228K, committed 21296K, reserved 1069056K
  class space    used 2583K, capacity 2679K, committed 2688K, reserved 1048576K
}
Event: 2.928 GC heap before
{Heap before GC invocations=5 (full 2):
 PSYoungGen      total 76288K, used 8969K [0x000000076b400000, 0x0000000770900000, 0x00000007c0000000)
  eden space 65536K, 0% used [0x000000076b400000,0x000000076b400000,0x000000076f400000)
  from space 10752K, 83% used [0x000000076f400000,0x000000076fcc2538,0x000000076fe80000)
  to   space 10752K, 0% used [0x000000076fe80000,0x000000076fe80000,0x0000000770900000)
 ParOldGen       total 118784K, used 4985K [0x00000006c1c00000, 0x00000006c9000000, 0x000000076b400000)
  object space 118784K, 4% used [0x00000006c1c00000,0x00000006c20de5f0,0x00000006c9000000)
 Metaspace       used 21044K, capacity 21228K, committed 21296K, reserved 1069056K
  class space    used 2583K, capacity 2679K, committed 2688K, reserved 1048576K
Event: 2.956 GC heap after
Heap after GC invocations=5 (full 2):
 PSYoungGen      total 76288K, used 0K [0x000000076b400000, 0x0000000770900000, 0x00000007c0000000)
  eden space 65536K, 0% used [0x000000076b400000,0x000000076b400000,0x000000076f400000)
  from space 10752K, 0% used [0x000000076f400000,0x000000076f400000,0x000000076fe80000)
  to   space 10752K, 0% used [0x000000076fe80000,0x000000076fe80000,0x0000000770900000)
 ParOldGen       total 118784K, used 10714K [0x00000006c1c00000, 0x00000006c9000000, 0x000000076b400000)
  object space 118784K, 9% used [0x00000006c1c00000,0x00000006c2676858,0x00000006c9000000)
 Metaspace       used 21044K, capacity 21228K, committed 21296K, reserved 1069056K
  class space    used 2583K, capacity 2679K, committed 2688K, reserved 1048576K
}
Event: 3.768 GC heap before
{Heap before GC invocations=6 (full 2):
 PSYoungGen      total 76288K, used 65536K [0x000000076b400000, 0x0000000770900000, 0x00000007c0000000)
  eden space 65536K, 100% used [0x000000076b400000,0x000000076f400000,0x000000076f400000)
  from space 10752K, 0% used [0x000000076f400000,0x000000076f400000,0x000000076fe80000)
  to   space 10752K, 0% used [0x000000076fe80000,0x000000076fe80000,0x0000000770900000)
 ParOldGen       total 118784K, used 10714K [0x00000006c1c00000, 0x00000006c9000000, 0x000000076b400000)
  object space 118784K, 9% used [0x00000006c1c00000,0x00000006c2676858,0x00000006c9000000)
 Metaspace       used 23603K, capacity 23832K, committed 24064K, reserved 1071104K
  class space    used 2914K, capacity 2985K, committed 3072K, reserved 1048576K
Event: 3.773 GC heap after
Heap after GC invocations=6 (full 2):
 PSYoungGen      total 76288K, used 4268K [0x000000076b400000, 0x0000000770900000, 0x00000007c0000000)
  eden space 65536K, 0% used [0x000000076b400000,0x000000076b400000,0x000000076f400000)
  from space 10752K, 39% used [0x000000076fe80000,0x00000007702ab320,0x0000000770900000)
  to   space 10752K, 0% used [0x000000076f400000,0x000000076f400000,0x000000076fe80000)
 ParOldGen       total 118784K, used 10722K [0x00000006c1c00000, 0x00000006c9000000, 0x000000076b400000)
  object space 118784K, 9% used [0x00000006c1c00000,0x00000006c2678858,0x00000006c9000000)
 Metaspace       used 23603K, capacity 23832K, committed 24064K, reserved 1071104K
  class space    used 2914K, capacity 2985K, committed 3072K, reserved 1048576K
}

Deoptimization events (10 events):
Event: 3.504 Thread 0x0000000002958000 Uncommon trap: reason=class_check action=maybe_recompile pc=0x0000000002ed8844 method=java.util.regex.Pattern$CharProperty$1.isSatisfiedBy(I)Z @ 5
Event: 3.504 Thread 0x0000000002958000 Uncommon trap: reason=class_check action=maybe_recompile pc=0x0000000002ed8844 method=java.util.regex.Pattern$CharProperty$1.isSatisfiedBy(I)Z @ 5
Event: 3.504 Thread 0x0000000002958000 Uncommon trap: reason=class_check action=maybe_recompile pc=0x0000000002ed8844 method=java.util.regex.Pattern$CharProperty$1.isSatisfiedBy(I)Z @ 5
Event: 3.538 Thread 0x0000000002958000 Uncommon trap: reason=unstable_if action=reinterpret pc=0x0000000002e157b8 method=java.io.WinNTFileSystem.normalize(Ljava/lang/String;)Ljava/lang/String; @ 128
Event: 3.541 Thread 0x0000000002958000 Uncommon trap: reason=bimorphic action=maybe_recompile pc=0x000000000327fe84 method=java.util.regex.Pattern$BmpCharProperty.match(Ljava/util/regex/Matcher;ILjava/lang/CharSequence;)Z @ 31
Event: 3.543 Thread 0x0000000002958000 Uncommon trap: reason=predicate action=maybe_recompile pc=0x00000000032e7714 method=java.util.AbstractCollection.toArray([Ljava/lang/Object;)[Ljava/lang/Object; @ 49
Event: 3.579 Thread 0x0000000002958000 Uncommon trap: reason=array_check action=maybe_recompile pc=0x000000000330dffc method=java.util.AbstractCollection.toArray([Ljava/lang/Object;)[Ljava/lang/Object; @ 119
Event: 3.579 Thread 0x0000000002958000 Uncommon trap: reason=array_check action=maybe_recompile pc=0x000000000330dffc method=java.util.AbstractCollection.toArray([Ljava/lang/Object;)[Ljava/lang/Object; @ 119
Event: 3.579 Thread 0x0000000002958000 Uncommon trap: reason=array_check action=maybe_recompile pc=0x000000000330dffc method=java.util.AbstractCollection.toArray([Ljava/lang/Object;)[Ljava/lang/Object; @ 119
Event: 3.579 Thread 0x0000000002958000 Uncommon trap: reason=array_check action=maybe_recompile pc=0x000000000330dffc method=java.util.AbstractCollection.toArray([Ljava/lang/Object;)[Ljava/lang/Object; @ 119

Classes redefined (0 events):
No events

Internal exceptions (10 events):
Event: 3.452 Thread 0x0000000002958000 Implicit null exception at 0x0000000002eef254 to 0x0000000002eef4e5
Event: 3.476 Thread 0x0000000002958000 Exception <a 'java/lang/ClassNotFoundException': java/lang/ObjectCustomizer> (0x000000076ce62190) thrown at [C:\re\workspace\8-2-build-windows-amd64-cygwin\jdk8u211\12973\hotspot\src\share\vm\classfile\systemDictionary.cpp, line 210]
Event: 3.476 Thread 0x0000000002958000 Exception <a 'java/lang/ClassNotFoundException': org/springframework/boot/SpringApplicationCustomizer> (0x000000076ce7ebc8) thrown at [C:\re\workspace\8-2-build-windows-amd64-cygwin\jdk8u211\12973\hotspot\src\share\vm\classfile\systemDictionary.cpp, line 
Event: 3.531 Thread 0x0000000002958000 Exception <a 'java/lang/ClassNotFoundException': java/lang/ObjectCustomizer> (0x000000076d4d9d10) thrown at [C:\re\workspace\8-2-build-windows-amd64-cygwin\jdk8u211\12973\hotspot\src\share\vm\classfile\systemDictionary.cpp, line 210]
Event: 3.532 Thread 0x0000000002958000 Exception <a 'java/lang/ClassNotFoundException': org/springframework/context/annotation/ConfigurationClassPostProcessorCustomizer> (0x000000076d4ffee0) thrown at [C:\re\workspace\8-2-build-windows-amd64-cygwin\jdk8u211\12973\hotspot\src\share\vm\classfile
Event: 3.533 Thread 0x0000000002958000 Exception <a 'java/lang/ClassNotFoundException': org/springframework/beans/factory/support/BeanDefinitionRegistryPostProcessorCustomizer> (0x000000076d536bc8) thrown at [C:\re\workspace\8-2-build-windows-amd64-cygwin\jdk8u211\12973\hotspot\src\share\vm\cl
Event: 3.534 Thread 0x0000000002958000 Exception <a 'java/lang/ClassNotFoundException': org/springframework/core/PriorityOrderedCustomizer> (0x000000076d54fc88) thrown at [C:\re\workspace\8-2-build-windows-amd64-cygwin\jdk8u211\12973\hotspot\src\share\vm\classfile\systemDictionary.cpp, line 21
Event: 3.534 Thread 0x0000000002958000 Exception <a 'java/lang/ClassNotFoundException': org/springframework/context/ResourceLoaderAwareCustomizer> (0x000000076d56a720) thrown at [C:\re\workspace\8-2-build-windows-amd64-cygwin\jdk8u211\12973\hotspot\src\share\vm\classfile\systemDictionary.cpp, 
Event: 3.535 Thread 0x0000000002958000 Exception <a 'java/lang/ClassNotFoundException': org/springframework/beans/factory/BeanClassLoaderAwareCustomizer> (0x000000076d588c90) thrown at [C:\re\workspace\8-2-build-windows-amd64-cygwin\jdk8u211\12973\hotspot\src\share\vm\classfile\systemDictionar
Event: 3.535 Thread 0x0000000002958000 Exception <a 'java/lang/ClassNotFoundException': org/springframework/context/EnvironmentAwareCustomizer> (0x000000076d5a3ac0) thrown at [C:\re\workspace\8-2-build-windows-amd64-cygwin\jdk8u211\12973\hotspot\src\share\vm\classfile\systemDictionary.cpp, lin

Events (10 events):
Event: 3.981 loading class org/springframework/cloud/client/loadbalancer/LoadBalancerRetryProperties
Event: 3.981 loading class org/springframework/cloud/client/loadbalancer/LoadBalancerRetryProperties done
Event: 3.983 loading class org/springframework/boot/actuate/endpoint/Endpoint
Event: 3.983 loading class org/springframework/boot/actuate/endpoint/Endpoint done
Event: 3.983 Thread 0x0000000002958000 DEOPT PACKING pc=0x00000000032c2600 sp=0x000000000294e990
Event: 3.983 Thread 0x0000000002958000 DEOPT UNPACKING pc=0x0000000002ba7890 sp=0x000000000294e678 mode 1
Event: 3.983 Thread 0x0000000002958000 DEOPT PACKING pc=0x0000000003440db4 sp=0x000000000294ea10
Event: 3.983 Thread 0x0000000002958000 DEOPT UNPACKING pc=0x0000000002ba7890 sp=0x000000000294e708 mode 1
Event: 3.984 loading class com/netflix/config/ConcurrentCompositeConfiguration
Event: 3.984 loading class com/netflix/config/ConcurrentCompositeConfiguration done


Dynamic libraries:
0x00007ff7fd320000 - 0x00007ff7fd357000 	C:\Program Files\Java\jdk1.8.0_211\bin\java.exe
0x00007ffb3d450000 - 0x00007ffb3d645000 	C:\WINDOWS\SYSTEM32\ntdll.dll
0x00007ffb3b520000 - 0x00007ffb3b5dd000 	C:\WINDOWS\System32\KERNEL32.DLL
0x00007ffb3ae40000 - 0x00007ffb3b109000 	C:\WINDOWS\System32\KERNELBASE.dll
0x00007ffb3c490000 - 0x00007ffb3c53c000 	C:\WINDOWS\System32\ADVAPI32.dll
0x00007ffb3b8b0000 - 0x00007ffb3b94e000 	C:\WINDOWS\System32\msvcrt.dll
0x00007ffb3c560000 - 0x00007ffb3c5fb000 	C:\WINDOWS\System32\sechost.dll
0x00007ffb3cf50000 - 0x00007ffb3d07a000 	C:\WINDOWS\System32\RPCRT4.dll
0x00007ffb3b6a0000 - 0x00007ffb3b840000 	C:\WINDOWS\System32\USER32.dll
0x00007ffb3ab90000 - 0x00007ffb3abb2000 	C:\WINDOWS\System32\win32u.dll
0x00007ffb3d3e0000 - 0x00007ffb3d40a000 	C:\WINDOWS\System32\GDI32.dll
0x00007ffb3b300000 - 0x00007ffb3b40b000 	C:\WINDOWS\System32\gdi32full.dll
0x00007ffb3abc0000 - 0x00007ffb3ac5d000 	C:\WINDOWS\System32\msvcp_win.dll
0x00007ffb3ad40000 - 0x00007ffb3ae40000 	C:\WINDOWS\System32\ucrtbase.dll
0x00007ffb287f0000 - 0x00007ffb28a8a000 	C:\WINDOWS\WinSxS\amd64_microsoft.windows.common-controls_6595b64144ccf1df_6.0.19041.1110_none_60b5254171f9507e\COMCTL32.dll
0x00007ffb3b5e0000 - 0x00007ffb3b610000 	C:\WINDOWS\System32\IMM32.DLL
0x000000005cab0000 - 0x000000005cb82000 	C:\Program Files\Java\jdk1.8.0_211\jre\bin\msvcr100.dll
0x000000005bb40000 - 0x000000005c3e5000 	C:\Program Files\Java\jdk1.8.0_211\jre\bin\server\jvm.dll
0x00007ffb3bff0000 - 0x00007ffb3bff8000 	C:\WINDOWS\System32\PSAPI.DLL
0x00007ffb33e20000 - 0x00007ffb33e2a000 	C:\WINDOWS\SYSTEM32\VERSION.dll
0x00007ffb24780000 - 0x00007ffb24789000 	C:\WINDOWS\SYSTEM32\WSOCK32.dll
0x00007ffb26d10000 - 0x00007ffb26d37000 	C:\WINDOWS\SYSTEM32\WINMM.dll
0x00007ffb3c3c0000 - 0x00007ffb3c42b000 	C:\WINDOWS\System32\WS2_32.dll
0x00007ffb35520000 - 0x00007ffb3552f000 	C:\Program Files\Java\jdk1.8.0_211\jre\bin\verify.dll
0x00007ffb33c30000 - 0x00007ffb33c59000 	C:\Program Files\Java\jdk1.8.0_211\jre\bin\java.dll
0x00007ffb1f7e0000 - 0x00007ffb1f815000 	C:\Program Files\Java\jdk1.8.0_211\jre\bin\jdwp.dll
0x00007ffb35500000 - 0x00007ffb35508000 	C:\Program Files\Java\jdk1.8.0_211\jre\bin\npt.dll
0x00007ffb1f100000 - 0x00007ffb1f123000 	C:\Program Files\Java\jdk1.8.0_211\jre\bin\instrument.dll
0x00007ffb224b0000 - 0x00007ffb224c6000 	C:\Program Files\Java\jdk1.8.0_211\jre\bin\zip.dll
0x00007ffb3c6e0000 - 0x00007ffb3ce1f000 	C:\WINDOWS\System32\SHELL32.dll
0x00007ffb38ca0000 - 0x00007ffb39431000 	C:\WINDOWS\SYSTEM32\windows.storage.dll
0x00007ffb3c060000 - 0x00007ffb3c3b5000 	C:\WINDOWS\System32\combase.dll
0x00007ffb3a600000 - 0x00007ffb3a62c000 	C:\WINDOWS\SYSTEM32\Wldp.dll
0x00007ffb3ba20000 - 0x00007ffb3bace000 	C:\WINDOWS\System32\SHCORE.dll
0x00007ffb3b840000 - 0x00007ffb3b895000 	C:\WINDOWS\System32\shlwapi.dll
0x00007ffb3aad0000 - 0x00007ffb3aaef000 	C:\WINDOWS\SYSTEM32\profapi.dll
0x00007ffb33c20000 - 0x00007ffb33c29000 	C:\Program Files\Java\jdk1.8.0_211\jre\bin\dt_socket.dll
0x00007ffb3a360000 - 0x00007ffb3a3ca000 	C:\WINDOWS\system32\mswsock.dll
0x00007ffb1f020000 - 0x00007ffb1f03a000 	C:\Program Files\Java\jdk1.8.0_211\jre\bin\net.dll
0x00007ffb2b530000 - 0x00007ffb2b71c000 	C:\WINDOWS\SYSTEM32\urlmon.dll
0x00007ffb2b900000 - 0x00007ffb2bbb0000 	C:\WINDOWS\SYSTEM32\iertutil.dll
0x00007ffb3a040000 - 0x00007ffb3a04c000 	C:\WINDOWS\SYSTEM32\netutils.dll
0x00007ffb2b500000 - 0x00007ffb2b528000 	C:\WINDOWS\SYSTEM32\srvcli.dll
0x00007ffb3a000000 - 0x00007ffb3a03b000 	C:\WINDOWS\SYSTEM32\IPHLPAPI.DLL
0x00007ffb3b8a0000 - 0x00007ffb3b8a8000 	C:\WINDOWS\System32\NSI.dll
0x00007ffb382b0000 - 0x00007ffb382c7000 	C:\WINDOWS\SYSTEM32\dhcpcsvc6.DLL
0x00007ffb38280000 - 0x00007ffb3829d000 	C:\WINDOWS\SYSTEM32\dhcpcsvc.DLL
0x00007ffb3a050000 - 0x00007ffb3a11c000 	C:\WINDOWS\SYSTEM32\DNSAPI.dll
0x00007ffb272b0000 - 0x00007ffb272ba000 	C:\Windows\System32\rasadhlp.dll
0x00007ffb33b60000 - 0x00007ffb33b6d000 	C:\Program Files\Java\jdk1.8.0_211\jre\bin\management.dll
0x00007ffb247b0000 - 0x00007ffb247c7000 	C:\WINDOWS\system32\napinsp.dll
0x00007ffb278e0000 - 0x00007ffb278fb000 	C:\WINDOWS\system32\pnrpnsp.dll
0x00007ffb27580000 - 0x00007ffb27595000 	C:\WINDOWS\system32\wshbth.dll
0x00007ffb361f0000 - 0x00007ffb3620d000 	C:\WINDOWS\system32\NLAapi.dll
0x00007ffb35560000 - 0x00007ffb35572000 	C:\WINDOWS\System32\winrnr.dll
0x00007ffb274f0000 - 0x00007ffb2756f000 	C:\WINDOWS\System32\fwpuclnt.dll
0x00007ffb3ad10000 - 0x00007ffb3ad37000 	C:\WINDOWS\System32\bcrypt.dll
0x00007ffb1eb80000 - 0x00007ffb1eb92000 	C:\Program Files\Java\jdk1.8.0_211\jre\bin\nio.dll

VM Arguments:
jvm_args: -agentlib:jdwp=transport=dt_socket,address=127.0.0.1:55778,suspend=y,server=n -javaagent:C:\Users\Cooper\AppData\Local\JetBrains\IdeaIC2020.1\captureAgent\debugger-agent.jar -Dfile.encoding=UTF-8 
java_command: com.cloud.eureka.client1.EurekaClient2App
java_class_path (initial): C:\Program Files\Java\jdk1.8.0_211\jre\lib\charsets.jar;C:\Program Files\Java\jdk1.8.0_211\jre\lib\deploy.jar;C:\Program Files\Java\jdk1.8.0_211\jre\lib\ext\access-bridge-64.jar;C:\Program Files\Java\jdk1.8.0_211\jre\lib\ext\cldrdata.jar;C:\Program Files\Java\jdk1.8.0_211\jre\lib\ext\dnsns.jar;C:\Program Files\Java\jdk1.8.0_211\jre\lib\ext\jaccess.jar;C:\Program Files\Java\jdk1.8.0_211\jre\lib\ext\jfxrt.jar;C:\Program Files\Java\jdk1.8.0_211\jre\lib\ext\localedata.jar;C:\Program Files\Java\jdk1.8.0_211\jre\lib\ext\nashorn.jar;C:\Program Files\Java\jdk1.8.0_211\jre\lib\ext\sunec.jar;C:\Program Files\Java\jdk1.8.0_211\jre\lib\ext\sunjce_provider.jar;C:\Program Files\Java\jdk1.8.0_211\jre\lib\ext\sunmscapi.jar;C:\Program Files\Java\jdk1.8.0_211\jre\lib\ext\sunpkcs11.jar;C:\Program Files\Java\jdk1.8.0_211\jre\lib\ext\zipfs.jar;C:\Program Files\Java\jdk1.8.0_211\jre\lib\javaws.jar;C:\Program Files\Java\jdk1.8.0_211\jre\lib\jce.jar;C:\Program Files\Java\jdk1.8.0_211\jre\lib\jfr.jar;C:\Program Files\Java\jdk1.8.0_211\jre\lib\jfxswt.jar;C:\Program Files\Java\jdk1.8.0_211\jre\lib\jsse.jar;C:\Program Files\Java\jdk1.8.0_211\jre\lib\management-agent.jar;C:\Program Files\Java\jdk1.8.0_211\jre\lib\plugin.jar;C:\Program Files\Java\jdk1.8.0_211\jre\lib\resources.jar;C:\Program Files\Java\jdk1.8.0_211\jre\lib\rt.jar;C:\Users\Cooper\IdeaProjects\spring-cloud-test\eureka-client-app-2\target\classes;C:\Users\Cooper\.m2\repository\org\springframework\cloud\spring-cloud-starter-eureka\1.4.7.RELEASE\spring-cloud-starter-eureka-1.4.7.RELEASE.jar;C:\Users\Cooper\.m2\repository\org\springframework\cloud\spring-cloud-starter-netflix-eureka-client\1.4.7.RELEASE\spring-cloud-starter-netflix-eureka-client-1.4.7.RELEASE.jar;C:\Users\Cooper\.m2\repository\org\springframework\boot\spring-boot-starter-web\1.5.2.RELEASE\spring-boot-starter-web-1.5.2.RELEASE.jar;C:\Users\Cooper\.m2\repository\org\springframework\boot\spring-boot-starter\1.5.2.RELEASE\spring-boot-starter-1
Launcher Type: SUN_STANDARD

Environment Variables:
JAVA_HOME=C:\Program Files\Java\jdk1.8.0_211
PATH=C:\WINDOWS\system32;C:\WINDOWS;C:\WINDOWS\System32\Wbem;C:\WINDOWS\System32\WindowsPowerShell\v1.0\;C:\WINDOWS\System32\OpenSSH\;C:\Program Files\Java\jdk1.8.0_211\bin;C:\Program Files\Apache\apache-maven-3.6.1\bin;C:\Program Files\Git\cmd;C:\Program Files\nodejs\;C:\Users\Cooper\AppData\Local\Programs\Python\Python38-32\Scripts\;C:\Users\Cooper\AppData\Local\Programs\Python\Python38-32\;C:\Users\Cooper\AppData\Local\Microsoft\WindowsApps;;C:\Program Files\JetBrains\PyCharm Community Edition 2020.1.2\bin;;C:\Program Files\JetBrains\WebStorm 2020.2.3\bin;;C:\Users\Cooper\AppData\Local\Programs\Microsoft VS Code\bin;C:\Users\Cooper\AppData\Roaming\npm
USERNAME=Cooper
OS=Windows_NT
PROCESSOR_IDENTIFIER=Intel64 Family 6 Model 158 Stepping 9, GenuineIntel



---------------  S Y S T E M  ---------------

OS: Windows 10.0 , 64 bit Build 19041 (10.0.19041.1023)

CPU:total 8 (initial active 8) (4 cores per cpu, 2 threads per core) family 6 model 158 stepping 9, cmov, cx8, fxsr, mmx, sse, sse2, sse3, ssse3, sse4.1, sse4.2, popcnt, avx, avx2, aes, clmul, erms, 3dnowpref, lzcnt, ht, tsc, tscinvbit, bmi1, bmi2, adx

Memory: 4k page, physical 16659600k(7333360k free), swap 17478800k(5132k free)

vm_info: Java HotSpot(TM) 64-Bit Server VM (25.211-b12) for windows-amd64 JRE (1.8.0_211-b12), built on Apr  1 2019 20:53:26 by "java_re" with MS VC++ 10.0 (VS2010)

time: Wed Aug 04 21:49:27 2021
timezone: Central European Daylight Time
elapsed time: 3 seconds (0d 0h 0m 3s)

