#
# There is insufficient memory for the Java Runtime Environment to continue.
# Native memory allocation (malloc) failed to allocate 32784 bytes for Chunk::new
# Possible reasons:
#   The system is out of physical RAM or swap space
#   The process is running with CompressedOops enabled, and the Java Heap may be blocking the growth of the native heap
# Possible solutions:
#   Reduce memory load on the system
#   Increase physical memory or swap space
#   Check if swap backing store is full
#   Decrease Java heap size (-Xmx/-Xms)
#   Decrease number of Java threads
#   Decrease Java thread stack sizes (-Xss)
#   Set larger code cache with -XX:ReservedCodeCacheSize=
#   JVM is running with Zero Based Compressed Oops mode in which the Java heap is
#     placed in the first 32GB address space. The Java Heap base address is the
#     maximum limit for the native heap growth. Please use -XX:HeapBaseMinAddress
#     to set the Java Heap base and to place the Java Heap above 32GB virtual address.
# This output file may be truncated or incomplete.
#
#  Out of Memory Error (allocation.cpp:389), pid=41272, tid=0x000000000000bc40
#
# JRE version: Java(TM) SE Runtime Environment (8.0_211-b12) (build 1.8.0_211-b12)
# Java VM: Java HotSpot(TM) 64-Bit Server VM (25.211-b12 mixed mode windows-amd64 compressed oops)
# Failed to write core dump. Minidumps are not enabled by default on client versions of Windows
#

---------------  T H R E A D  ---------------

Current thread (0x000000001f0c2800):  JavaThread "C2 CompilerThread0" daemon [_thread_in_native, id=48192, stack(0x000000001f710000,0x000000001f810000)]

Stack: [0x000000001f710000,0x000000001f810000]
[error occurred during error reporting (printing stack bounds), id 0xc0000005]

Native frames: (J=compiled Java code, j=interpreted, Vv=VM code, C=native code)


Current CompileTask:
C2:   5605 4344       4       org.springframework.core.ResolvableType::forType (115 bytes)


---------------  P R O C E S S  ---------------

Java Threads: ( => current thread )
  0x000000001ff3e000 JavaThread "SimplePauseDetectorThread_0" daemon [_thread_blocked, id=33960, stack(0x0000000027230000,0x0000000027330000)]
  0x000000001ff44000 JavaThread "Thread-7" daemon [_thread_blocked, id=48304, stack(0x0000000027030000,0x0000000027130000)]
  0x00000000265ba800 JavaThread "localhost-startStop-1" daemon [_thread_in_Java, id=44664, stack(0x0000000026a60000,0x0000000026b60000)]
  0x0000000024035800 JavaThread "Tomcat-startStop-1" daemon [_thread_blocked, id=40876, stack(0x0000000026960000,0x0000000026a60000)]
  0x0000000020c4f800 JavaThread "restartedMain" [_thread_blocked, id=49492, stack(0x0000000021ef0000,0x0000000021ff0000)]
  0x0000000020e9f000 JavaThread "Thread-0" [_thread_blocked, id=49936, stack(0x0000000021df0000,0x0000000021ef0000)]
  0x000000001f1ec800 JavaThread "Service Thread" daemon [_thread_blocked, id=46468, stack(0x000000001fb10000,0x000000001fc10000)]
  0x000000001f169800 JavaThread "C1 CompilerThread3" daemon [_thread_in_native, id=45536, stack(0x000000001fa10000,0x000000001fb10000)]
  0x000000001f155800 JavaThread "C2 CompilerThread2" daemon [_thread_in_native, id=34852, stack(0x000000001f910000,0x000000001fa10000)]
  0x000000001f0c3800 JavaThread "C2 CompilerThread1" daemon [_thread_in_native, id=4860, stack(0x000000001f810000,0x000000001f910000)]
=>0x000000001f0c2800 JavaThread "C2 CompilerThread0" daemon [_thread_in_native, id=48192, stack(0x000000001f710000,0x000000001f810000)]
  0x000000001e364000 JavaThread "JDWP Command Reader" daemon [_thread_in_native, id=45656, stack(0x000000001ee10000,0x000000001ef10000)]
  0x000000001e363000 JavaThread "JDWP Event Helper Thread" daemon [_thread_blocked, id=47728, stack(0x000000001ed10000,0x000000001ee10000)]
  0x000000001e357000 JavaThread "JDWP Transport Listener: dt_socket" daemon [_thread_blocked, id=44516, stack(0x000000001ec10000,0x000000001ed10000)]
  0x000000001e34b800 JavaThread "Attach Listener" daemon [_thread_blocked, id=50124, stack(0x000000001eb10000,0x000000001ec10000)]
  0x000000001e349000 JavaThread "Signal Dispatcher" daemon [_thread_blocked, id=43580, stack(0x000000001ea10000,0x000000001eb10000)]
  0x000000001c544000 JavaThread "Finalizer" daemon [_thread_blocked, id=48508, stack(0x000000001e810000,0x000000001e910000)]
  0x000000001e330800 JavaThread "Reference Handler" daemon [_thread_blocked, id=47032, stack(0x000000001e710000,0x000000001e810000)]
  0x00000000028cb000 JavaThread "main" [_thread_blocked, id=46824, stack(0x00000000027c0000,0x00000000028c0000)]

Other Threads:
  0x00000000029be800 VMThread [stack: 0x000000001e210000,0x000000001e310000] [id=35928]
  0x000000001f285800 WatcherThread [stack: 0x000000001fc10000,0x000000001fd10000] [id=30460]

VM state:not at safepoint (normal execution)

VM Mutex/Monitor currently owned by a thread: None

heap address: 0x00000006c1c00000, size: 4068 MB, Compressed Oops mode: Zero based, Oop shift amount: 3
Narrow klass base: 0x0000000000000000, Narrow klass shift: 3
Compressed class space size: 1073741824 Address: 0x00000007c0000000

Heap:
 PSYoungGen      total 136192K, used 29887K [0x000000076b400000, 0x0000000778e80000, 0x00000007c0000000)
  eden space 125440K, 17% used [0x000000076b400000,0x000000076c971d80,0x0000000772e80000)
  from space 10752K, 73% used [0x0000000773e80000,0x000000077463deb0,0x0000000774900000)
  to   space 16384K, 0% used [0x0000000772e80000,0x0000000772e80000,0x0000000773e80000)
 ParOldGen       total 97280K, used 20193K [0x00000006c1c00000, 0x00000006c7b00000, 0x000000076b400000)
  object space 97280K, 20% used [0x00000006c1c00000,0x00000006c2fb84e0,0x00000006c7b00000)
 Metaspace       used 38455K, capacity 40174K, committed 40408K, reserved 1085440K
  class space    used 4941K, capacity 5274K, committed 5336K, reserved 1048576K

Card table byte_map: [0x0000000011ee0000,0x00000000126e0000] byte_map_base: 0x000000000e8d2000

Marking Bits: (ParMarkBitMap*) 0x000000005c365ce0
 Begin Bits: [0x0000000013430000, 0x00000000173c0000)
 End Bits:   [0x00000000173c0000, 0x000000001b350000)

Polling page: 0x0000000000930000

CodeCache: size=245760Kb used=15449Kb max_used=16268Kb free=230310Kb
 bounds [0x0000000002b20000, 0x0000000003b40000, 0x0000000011b20000]
 total_blobs=4506 nmethods=4078 adapters=348
 compilation: enabled

Compilation events (10 events):
Event: 5.596 Thread 0x000000001f169800 nmethod 4373 0x0000000002c8fb10 code [0x0000000002c8fd20, 0x0000000002c90568]
Event: 5.596 Thread 0x000000001f169800 4374       3       org.springframework.beans.ExtendedBeanInfoFactory::getBeanInfo (24 bytes)
Event: 5.596 Thread 0x000000001f169800 nmethod 4374 0x0000000002c439d0 code [0x0000000002c43b60, 0x0000000002c43e28]
Event: 5.597 Thread 0x000000001f169800 4375       1       org.springframework.beans.factory.support.AbstractAutowireCapableBeanFactory::getParameterNameDiscoverer (5 bytes)
Event: 5.597 Thread 0x000000001f169800 nmethod 4375 0x0000000003affb90 code [0x0000000003affce0, 0x0000000003affdf0]
Event: 5.597 Thread 0x000000001f169800 4376       1       org.springframework.beans.factory.support.AbstractAutowireCapableBeanFactory::getInstantiationStrategy (5 bytes)
Event: 5.597 Thread 0x000000001f169800 nmethod 4376 0x0000000002d757d0 code [0x0000000002d75920, 0x0000000002d75a30]
Event: 5.603 Thread 0x000000001f169800 4379       3       ch.qos.logback.classic.Level::toLevel (98 bytes)
Event: 5.603 Thread 0x000000001f169800 nmethod 4379 0x0000000002c5f6d0 code [0x0000000002c5f840, 0x0000000002c5fa70]
Event: 5.604 Thread 0x000000001f169800 4380       1       org.springframework.core.annotation.AbstractAliasAwareAnnotationAttributeExtractor::getAnnotationType (5 bytes)

GC Heap History (10 events):
Event: 2.888 GC heap before
{Heap before GC invocations=6 (full 1):
 PSYoungGen      total 141824K, used 131072K [0x000000076b400000, 0x0000000774900000, 0x00000007c0000000)
  eden space 131072K, 100% used [0x000000076b400000,0x0000000773400000,0x0000000773400000)
  from space 10752K, 0% used [0x0000000773e80000,0x0000000773e80000,0x0000000774900000)
  to   space 10752K, 0% used [0x0000000773400000,0x0000000773400000,0x0000000773e80000)
 ParOldGen       total 97280K, used 6638K [0x00000006c1c00000, 0x00000006c7b00000, 0x000000076b400000)
  object space 97280K, 6% used [0x00000006c1c00000,0x00000006c227bbb8,0x00000006c7b00000)
 Metaspace       used 27860K, capacity 28760K, committed 28928K, reserved 1075200K
  class space    used 3572K, capacity 3798K, committed 3840K, reserved 1048576K
Event: 2.899 GC heap after
Heap after GC invocations=6 (full 1):
 PSYoungGen      total 141824K, used 10741K [0x000000076b400000, 0x0000000774900000, 0x00000007c0000000)
  eden space 131072K, 0% used [0x000000076b400000,0x000000076b400000,0x0000000773400000)
  from space 10752K, 99% used [0x0000000773400000,0x0000000773e7d538,0x0000000773e80000)
  to   space 10752K, 0% used [0x0000000773e80000,0x0000000773e80000,0x0000000774900000)
 ParOldGen       total 97280K, used 6960K [0x00000006c1c00000, 0x00000006c7b00000, 0x000000076b400000)
  object space 97280K, 7% used [0x00000006c1c00000,0x00000006c22cc3d0,0x00000006c7b00000)
 Metaspace       used 27860K, capacity 28760K, committed 28928K, reserved 1075200K
  class space    used 3572K, capacity 3798K, committed 3840K, reserved 1048576K
}
Event: 3.743 GC heap before
{Heap before GC invocations=7 (full 1):
 PSYoungGen      total 141824K, used 141813K [0x000000076b400000, 0x0000000774900000, 0x00000007c0000000)
  eden space 131072K, 100% used [0x000000076b400000,0x0000000773400000,0x0000000773400000)
  from space 10752K, 99% used [0x0000000773400000,0x0000000773e7d538,0x0000000773e80000)
  to   space 10752K, 0% used [0x0000000773e80000,0x0000000773e80000,0x0000000774900000)
 ParOldGen       total 97280K, used 6960K [0x00000006c1c00000, 0x00000006c7b00000, 0x000000076b400000)
  object space 97280K, 7% used [0x00000006c1c00000,0x00000006c22cc3d0,0x00000006c7b00000)
 Metaspace       used 29875K, capacity 30834K, committed 30976K, reserved 1077248K
  class space    used 3860K, capacity 4077K, committed 4096K, reserved 1048576K
Event: 3.750 GC heap after
Heap after GC invocations=7 (full 1):
 PSYoungGen      total 141824K, used 10720K [0x000000076b400000, 0x0000000774900000, 0x00000007c0000000)
  eden space 131072K, 0% used [0x000000076b400000,0x000000076b400000,0x0000000773400000)
  from space 10752K, 99% used [0x0000000773e80000,0x00000007748f80a8,0x0000000774900000)
  to   space 10752K, 0% used [0x0000000773400000,0x0000000773400000,0x0000000773e80000)
 ParOldGen       total 97280K, used 9406K [0x00000006c1c00000, 0x00000006c7b00000, 0x000000076b400000)
  object space 97280K, 9% used [0x00000006c1c00000,0x00000006c252f810,0x00000006c7b00000)
 Metaspace       used 29875K, capacity 30834K, committed 30976K, reserved 1077248K
  class space    used 3860K, capacity 4077K, committed 4096K, reserved 1048576K
}
Event: 4.641 GC heap before
{Heap before GC invocations=8 (full 1):
 PSYoungGen      total 141824K, used 127021K [0x000000076b400000, 0x0000000774900000, 0x00000007c0000000)
  eden space 131072K, 88% used [0x000000076b400000,0x0000000772593640,0x0000000773400000)
  from space 10752K, 99% used [0x0000000773e80000,0x00000007748f80a8,0x0000000774900000)
  to   space 10752K, 0% used [0x0000000773400000,0x0000000773400000,0x0000000773e80000)
 ParOldGen       total 97280K, used 9406K [0x00000006c1c00000, 0x00000006c7b00000, 0x000000076b400000)
  object space 97280K, 9% used [0x00000006c1c00000,0x00000006c252f810,0x00000006c7b00000)
 Metaspace       used 34006K, capacity 35340K, committed 35416K, reserved 1079296K
  class space    used 4376K, capacity 4637K, committed 4696K, reserved 1048576K
Event: 4.650 GC heap after
Heap after GC invocations=8 (full 1):
 PSYoungGen      total 141824K, used 10725K [0x000000076b400000, 0x0000000774900000, 0x00000007c0000000)
  eden space 131072K, 0% used [0x000000076b400000,0x000000076b400000,0x0000000773400000)
  from space 10752K, 99% used [0x0000000773400000,0x0000000773e79570,0x0000000773e80000)
  to   space 10752K, 0% used [0x0000000773e80000,0x0000000773e80000,0x0000000774900000)
 ParOldGen       total 97280K, used 14728K [0x00000006c1c00000, 0x00000006c7b00000, 0x000000076b400000)
  object space 97280K, 15% used [0x00000006c1c00000,0x00000006c2a620a0,0x00000006c7b00000)
 Metaspace       used 34006K, capacity 35340K, committed 35416K, reserved 1079296K
  class space    used 4376K, capacity 4637K, committed 4696K, reserved 1048576K
}
Event: 4.650 GC heap before
{Heap before GC invocations=9 (full 2):
 PSYoungGen      total 141824K, used 10725K [0x000000076b400000, 0x0000000774900000, 0x00000007c0000000)
  eden space 131072K, 0% used [0x000000076b400000,0x000000076b400000,0x0000000773400000)
  from space 10752K, 99% used [0x0000000773400000,0x0000000773e79570,0x0000000773e80000)
  to   space 10752K, 0% used [0x0000000773e80000,0x0000000773e80000,0x0000000774900000)
 ParOldGen       total 97280K, used 14728K [0x00000006c1c00000, 0x00000006c7b00000, 0x000000076b400000)
  object space 97280K, 15% used [0x00000006c1c00000,0x00000006c2a620a0,0x00000006c7b00000)
 Metaspace       used 34006K, capacity 35340K, committed 35416K, reserved 1079296K
  class space    used 4376K, capacity 4637K, committed 4696K, reserved 1048576K
Event: 4.693 GC heap after
Heap after GC invocations=9 (full 2):
 PSYoungGen      total 141824K, used 0K [0x000000076b400000, 0x0000000774900000, 0x00000007c0000000)
  eden space 131072K, 0% used [0x000000076b400000,0x000000076b400000,0x0000000773400000)
  from space 10752K, 0% used [0x0000000773400000,0x0000000773400000,0x0000000773e80000)
  to   space 10752K, 0% used [0x0000000773e80000,0x0000000773e80000,0x0000000774900000)
 ParOldGen       total 97280K, used 20185K [0x00000006c1c00000, 0x00000006c7b00000, 0x000000076b400000)
  object space 97280K, 20% used [0x00000006c1c00000,0x00000006c2fb64e0,0x00000006c7b00000)
 Metaspace       used 34006K, capacity 35340K, committed 35416K, reserved 1079296K
  class space    used 4376K, capacity 4637K, committed 4696K, reserved 1048576K
}
Event: 5.476 GC heap before
{Heap before GC invocations=10 (full 2):
 PSYoungGen      total 141824K, used 131072K [0x000000076b400000, 0x0000000774900000, 0x00000007c0000000)
  eden space 131072K, 100% used [0x000000076b400000,0x0000000773400000,0x0000000773400000)
  from space 10752K, 0% used [0x0000000773400000,0x0000000773400000,0x0000000773e80000)
  to   space 10752K, 0% used [0x0000000773e80000,0x0000000773e80000,0x0000000774900000)
 ParOldGen       total 97280K, used 20185K [0x00000006c1c00000, 0x00000006c7b00000, 0x000000076b400000)
  object space 97280K, 20% used [0x00000006c1c00000,0x00000006c2fb64e0,0x00000006c7b00000)
 Metaspace       used 37801K, capacity 39474K, committed 39768K, reserved 1083392K
  class space    used 4854K, capacity 5158K, committed 5208K, reserved 1048576K
Event: 5.481 GC heap after
Heap after GC invocations=10 (full 2):
 PSYoungGen      total 136192K, used 7927K [0x000000076b400000, 0x0000000778e80000, 0x00000007c0000000)
  eden space 125440K, 0% used [0x000000076b400000,0x000000076b400000,0x0000000772e80000)
  from space 10752K, 73% used [0x0000000773e80000,0x000000077463deb0,0x0000000774900000)
  to   space 16384K, 0% used [0x0000000772e80000,0x0000000772e80000,0x0000000773e80000)
 ParOldGen       total 97280K, used 20193K [0x00000006c1c00000, 0x00000006c7b00000, 0x000000076b400000)
  object space 97280K, 20% used [0x00000006c1c00000,0x00000006c2fb84e0,0x00000006c7b00000)
 Metaspace       used 37801K, capacity 39474K, committed 39768K, reserved 1083392K
  class space    used 4854K, capacity 5158K, committed 5208K, reserved 1048576K
}

Deoptimization events (10 events):
Event: 5.136 Thread 0x00000000265ba800 Uncommon trap: reason=unstable_if action=reinterpret pc=0x000000000341fb18 method=org.springframework.util.ConcurrentReferenceHashMap$Segment.findInChain(Lorg/springframework/util/ConcurrentReferenceHashMap$Reference;Ljava/lang/Object;I)Lorg/springframewo
Event: 5.136 Thread 0x00000000265ba800 Uncommon trap: reason=unstable_if action=reinterpret pc=0x000000000334b654 method=org.springframework.util.ConcurrentReferenceHashMap$Segment.findInChain(Lorg/springframework/util/ConcurrentReferenceHashMap$Reference;Ljava/lang/Object;I)Lorg/springframewo
Event: 5.232 Thread 0x00000000265ba800 Uncommon trap: reason=unstable_if action=reinterpret pc=0x00000000039eb5ac method=java.lang.Class.cast(Ljava/lang/Object;)Ljava/lang/Object; @ 9
Event: 5.279 Thread 0x00000000265ba800 Uncommon trap: reason=unstable_if action=reinterpret pc=0x0000000003a8849c method=org.springframework.cglib.core.CodeEmitter.emit_invoke(ILorg/springframework/asm/Type;Lorg/springframework/cglib/core/Signature;)V @ 24
Event: 5.299 Thread 0x00000000265ba800 Uncommon trap: reason=unstable_if action=reinterpret pc=0x00000000038ccb7c method=jdk.internal.org.objectweb.asm.Type.getArgumentsAndReturnSizes(Ljava/lang/String;)I @ 41
Event: 5.408 Thread 0x00000000265ba800 Uncommon trap: reason=unstable_if action=reinterpret pc=0x00000000038d52e0 method=org.springframework.beans.factory.support.AbstractBeanFactory.isTypeMatch(Ljava/lang/String;Lorg/springframework/core/ResolvableType;)Z @ 471
Event: 5.426 Thread 0x00000000265ba800 Uncommon trap: reason=unstable_if action=reinterpret pc=0x0000000003ace3ac method=java.util.WeakHashMap.put(Ljava/lang/Object;Ljava/lang/Object;)Ljava/lang/Object; @ 47
Event: 5.448 Thread 0x00000000265ba800 Uncommon trap: reason=bimorphic action=maybe_recompile pc=0x000000000397d918 method=java.util.HashMap.putVal(ILjava/lang/Object;Ljava/lang/Object;ZZ)Ljava/lang/Object; @ 253
Event: 5.465 Thread 0x00000000265ba800 Uncommon trap: reason=null_check action=make_not_entrant pc=0x0000000003b075a4 method=org.springframework.core.annotation.AnnotatedElementUtils.searchWithGetSemanticsInAnnotations(Ljava/lang/reflect/AnnotatedElement;Ljava/util/List;Ljava/lang/Class;Ljava/
Event: 5.466 Thread 0x00000000265ba800 Uncommon trap: reason=bimorphic action=maybe_recompile pc=0x000000000397d918 method=java.util.HashMap.putVal(ILjava/lang/Object;Ljava/lang/Object;ZZ)Ljava/lang/Object; @ 253

Classes redefined (0 events):
No events

Internal exceptions (10 events):
Event: 5.589 Thread 0x00000000265ba800 Exception <a 'java/lang/ClassNotFoundException': org/springframework/cloud/netflix/eureka/EurekaClientAutoConfiguration$$EnhancerBySpringCGLIB$$b9127ea7Customizer> (0x000000076c71bbe8) thrown at [C:\re\workspace\8-2-build-windows-amd64-cygwin\jdk8u211\129
Event: 5.590 Thread 0x00000000265ba800 Exception <a 'java/lang/ClassNotFoundException': org/springframework/context/annotation/ConfigurationClassEnhancer$EnhancedConfigurationCustomizer> (0x000000076c7658e0) thrown at [C:\re\workspace\8-2-build-windows-amd64-cygwin\jdk8u211\12973\hotspot\src\s
Event: 5.592 Thread 0x00000000265ba800 Exception <a 'java/lang/ClassNotFoundException': java/lang/ObjectCustomizer> (0x000000076c78d7f0) thrown at [C:\re\workspace\8-2-build-windows-amd64-cygwin\jdk8u211\12973\hotspot\src\share\vm\classfile\systemDictionary.cpp, line 210]
Event: 5.594 Thread 0x00000000265ba800 Exception <a 'java/lang/ClassNotFoundException': org/springframework/cloud/commons/util/UtilAutoConfigurationCustomizer> (0x000000076c7bd618) thrown at [C:\re\workspace\8-2-build-windows-amd64-cygwin\jdk8u211\12973\hotspot\src\share\vm\classfile\systemDic
Event: 5.595 Thread 0x00000000265ba800 Exception <a 'java/lang/ClassNotFoundException': org/springframework/cloud/commons/util/UtilAutoConfiguration$$EnhancerBySpringCGLIB$$cecafc5cCustomizer> (0x000000076c7f9c60) thrown at [C:\re\workspace\8-2-build-windows-amd64-cygwin\jdk8u211\12973\hotspot
Event: 5.596 Thread 0x00000000265ba800 Exception <a 'java/lang/ClassNotFoundException': org/springframework/context/annotation/ConfigurationClassEnhancer$EnhancedConfigurationCustomizer> (0x000000076c838d48) thrown at [C:\re\workspace\8-2-build-windows-amd64-cygwin\jdk8u211\12973\hotspot\src\s
Event: 5.601 Thread 0x00000000265ba800 Exception <a 'java/lang/ClassNotFoundException': java/lang/ObjectCustomizer> (0x000000076c8d2cf8) thrown at [C:\re\workspace\8-2-build-windows-amd64-cygwin\jdk8u211\12973\hotspot\src\share\vm\classfile\systemDictionary.cpp, line 210]
Event: 5.602 Thread 0x00000000265ba800 Exception <a 'java/lang/ClassNotFoundException': org/springframework/cloud/commons/util/InetUtilsPropertiesCustomizer> (0x000000076c902188) thrown at [C:\re\workspace\8-2-build-windows-amd64-cygwin\jdk8u211\12973\hotspot\src\share\vm\classfile\systemDicti
Event: 5.603 Thread 0x00000000265ba800 Implicit null exception at 0x00000000033efc94 to 0x00000000033f0e76
Event: 5.603 Thread 0x00000000265ba800 Exception <a 'java/lang/NullPointerException'> (0x000000076c91ac38) thrown at [C:\re\workspace\8-2-build-windows-amd64-cygwin\jdk8u211\12973\hotspot\src\share\vm\runtime\sharedRuntime.cpp, line 605]

Events (10 events):
Event: 5.603 loading class sun/reflect/UnsafeIntegerFieldAccessorImpl
Event: 5.603 loading class sun/reflect/UnsafeIntegerFieldAccessorImpl done
Event: 5.604 Thread 0x00000000265ba800 DEOPT PACKING pc=0x000000000324942c sp=0x0000000026b58300
Event: 5.604 Thread 0x00000000265ba800 DEOPT UNPACKING pc=0x0000000002b67890 sp=0x0000000026b580a0 mode 1
Event: 5.604 Thread 0x00000000265ba800 DEOPT PACKING pc=0x0000000003a0dcc4 sp=0x0000000026b583d0
Event: 5.604 Thread 0x00000000265ba800 DEOPT UNPACKING pc=0x0000000002b67890 sp=0x0000000026b58170 mode 1
Event: 5.604 Thread 0x00000000265ba800 DEOPT PACKING pc=0x000000000324942c sp=0x0000000026b58300
Event: 5.604 Thread 0x00000000265ba800 DEOPT UNPACKING pc=0x0000000002b67890 sp=0x0000000026b580a0 mode 1
Event: 5.604 Thread 0x00000000265ba800 DEOPT PACKING pc=0x0000000003a0dcc4 sp=0x0000000026b583d0
Event: 5.604 Thread 0x00000000265ba800 DEOPT UNPACKING pc=0x0000000002b67890 sp=0x0000000026b58170 mode 1


Dynamic libraries:
0x00007ff7fd320000 - 0x00007ff7fd357000 	C:\Program Files\Java\jdk1.8.0_211\bin\java.exe
0x00007ffb3d450000 - 0x00007ffb3d645000 	C:\WINDOWS\SYSTEM32\ntdll.dll
0x00007ffb3b520000 - 0x00007ffb3b5dd000 	C:\WINDOWS\System32\KERNEL32.DLL
0x00007ffb3ae40000 - 0x00007ffb3b109000 	C:\WINDOWS\System32\KERNELBASE.dll
0x00007ffb3c490000 - 0x00007ffb3c53c000 	C:\WINDOWS\System32\ADVAPI32.dll
0x00007ffb3b8b0000 - 0x00007ffb3b94e000 	C:\WINDOWS\System32\msvcrt.dll
0x00007ffb3c560000 - 0x00007ffb3c5fb000 	C:\WINDOWS\System32\sechost.dll
0x00007ffb3cf50000 - 0x00007ffb3d07a000 	C:\WINDOWS\System32\RPCRT4.dll
0x00007ffb3b6a0000 - 0x00007ffb3b840000 	C:\WINDOWS\System32\USER32.dll
0x00007ffb3ab90000 - 0x00007ffb3abb2000 	C:\WINDOWS\System32\win32u.dll
0x00007ffb3d3e0000 - 0x00007ffb3d40a000 	C:\WINDOWS\System32\GDI32.dll
0x00007ffb3b300000 - 0x00007ffb3b40b000 	C:\WINDOWS\System32\gdi32full.dll
0x00007ffb3abc0000 - 0x00007ffb3ac5d000 	C:\WINDOWS\System32\msvcp_win.dll
0x00007ffb3ad40000 - 0x00007ffb3ae40000 	C:\WINDOWS\System32\ucrtbase.dll
0x00007ffb287f0000 - 0x00007ffb28a8a000 	C:\WINDOWS\WinSxS\amd64_microsoft.windows.common-controls_6595b64144ccf1df_6.0.19041.1110_none_60b5254171f9507e\COMCTL32.dll
0x00007ffb3b5e0000 - 0x00007ffb3b610000 	C:\WINDOWS\System32\IMM32.DLL
0x000000005cab0000 - 0x000000005cb82000 	C:\Program Files\Java\jdk1.8.0_211\jre\bin\msvcr100.dll
0x000000005bb40000 - 0x000000005c3e5000 	C:\Program Files\Java\jdk1.8.0_211\jre\bin\server\jvm.dll
0x00007ffb3bff0000 - 0x00007ffb3bff8000 	C:\WINDOWS\System32\PSAPI.DLL
0x00007ffb33e20000 - 0x00007ffb33e2a000 	C:\WINDOWS\SYSTEM32\VERSION.dll
0x00007ffb26d10000 - 0x00007ffb26d37000 	C:\WINDOWS\SYSTEM32\WINMM.dll
0x00007ffb24780000 - 0x00007ffb24789000 	C:\WINDOWS\SYSTEM32\WSOCK32.dll
0x00007ffb3c3c0000 - 0x00007ffb3c42b000 	C:\WINDOWS\System32\WS2_32.dll
0x00007ffb36300000 - 0x00007ffb3630f000 	C:\Program Files\Java\jdk1.8.0_211\jre\bin\verify.dll
0x00007ffb242b0000 - 0x00007ffb242d9000 	C:\Program Files\Java\jdk1.8.0_211\jre\bin\java.dll
0x00007ffb24120000 - 0x00007ffb24155000 	C:\Program Files\Java\jdk1.8.0_211\jre\bin\jdwp.dll
0x00007ffb35500000 - 0x00007ffb35508000 	C:\Program Files\Java\jdk1.8.0_211\jre\bin\npt.dll
0x00007ffb1f7f0000 - 0x00007ffb1f813000 	C:\Program Files\Java\jdk1.8.0_211\jre\bin\instrument.dll
0x00007ffb27e50000 - 0x00007ffb27e66000 	C:\Program Files\Java\jdk1.8.0_211\jre\bin\zip.dll
0x00007ffb3c6e0000 - 0x00007ffb3ce1f000 	C:\WINDOWS\System32\SHELL32.dll
0x00007ffb38ca0000 - 0x00007ffb39431000 	C:\WINDOWS\SYSTEM32\windows.storage.dll
0x00007ffb3c060000 - 0x00007ffb3c3b5000 	C:\WINDOWS\System32\combase.dll
0x00007ffb3a600000 - 0x00007ffb3a62c000 	C:\WINDOWS\SYSTEM32\Wldp.dll
0x00007ffb3ba20000 - 0x00007ffb3bace000 	C:\WINDOWS\System32\SHCORE.dll
0x00007ffb3b840000 - 0x00007ffb3b895000 	C:\WINDOWS\System32\shlwapi.dll
0x00007ffb3aad0000 - 0x00007ffb3aaef000 	C:\WINDOWS\SYSTEM32\profapi.dll
0x00007ffb35480000 - 0x00007ffb35489000 	C:\Program Files\Java\jdk1.8.0_211\jre\bin\dt_socket.dll
0x00007ffb3a360000 - 0x00007ffb3a3ca000 	C:\WINDOWS\system32\mswsock.dll
0x00007ffb24290000 - 0x00007ffb242aa000 	C:\Program Files\Java\jdk1.8.0_211\jre\bin\net.dll
0x00007ffb2b530000 - 0x00007ffb2b71c000 	C:\WINDOWS\SYSTEM32\urlmon.dll
0x00007ffb2b900000 - 0x00007ffb2bbb0000 	C:\WINDOWS\SYSTEM32\iertutil.dll
0x00007ffb2b500000 - 0x00007ffb2b528000 	C:\WINDOWS\SYSTEM32\srvcli.dll
0x00007ffb3a040000 - 0x00007ffb3a04c000 	C:\WINDOWS\SYSTEM32\netutils.dll
0x00007ffb3a000000 - 0x00007ffb3a03b000 	C:\WINDOWS\SYSTEM32\IPHLPAPI.DLL
0x00007ffb3b8a0000 - 0x00007ffb3b8a8000 	C:\WINDOWS\System32\NSI.dll
0x00007ffb382b0000 - 0x00007ffb382c7000 	C:\WINDOWS\SYSTEM32\dhcpcsvc6.DLL
0x00007ffb38280000 - 0x00007ffb3829d000 	C:\WINDOWS\SYSTEM32\dhcpcsvc.DLL
0x00007ffb3a050000 - 0x00007ffb3a11c000 	C:\WINDOWS\SYSTEM32\DNSAPI.dll
0x00007ffb272b0000 - 0x00007ffb272ba000 	C:\Windows\System32\rasadhlp.dll
0x00007ffb35520000 - 0x00007ffb3552d000 	C:\Program Files\Java\jdk1.8.0_211\jre\bin\management.dll
0x00007ffb247b0000 - 0x00007ffb247c7000 	C:\WINDOWS\system32\napinsp.dll
0x00007ffb278e0000 - 0x00007ffb278fb000 	C:\WINDOWS\system32\pnrpnsp.dll
0x00007ffb27580000 - 0x00007ffb27595000 	C:\WINDOWS\system32\wshbth.dll
0x00007ffb361f0000 - 0x00007ffb3620d000 	C:\WINDOWS\system32\NLAapi.dll
0x00007ffb35560000 - 0x00007ffb35572000 	C:\WINDOWS\System32\winrnr.dll
0x00007ffb274f0000 - 0x00007ffb2756f000 	C:\WINDOWS\System32\fwpuclnt.dll
0x00007ffb3ad10000 - 0x00007ffb3ad37000 	C:\WINDOWS\System32\bcrypt.dll
0x00007ffb24270000 - 0x00007ffb24282000 	C:\Program Files\Java\jdk1.8.0_211\jre\bin\nio.dll
0x00007ffb3a540000 - 0x00007ffb3a558000 	C:\WINDOWS\SYSTEM32\CRYPTSP.dll
0x00007ffb39c90000 - 0x00007ffb39cc4000 	C:\WINDOWS\system32\rsaenh.dll
0x00007ffb3aa90000 - 0x00007ffb3aabe000 	C:\WINDOWS\SYSTEM32\USERENV.dll
0x00007ffb3b110000 - 0x00007ffb3b193000 	C:\WINDOWS\System32\bcryptprimitives.dll
0x00007ffb3a560000 - 0x00007ffb3a56c000 	C:\WINDOWS\SYSTEM32\CRYPTBASE.dll

VM Arguments:
jvm_args: -agentlib:jdwp=transport=dt_socket,address=127.0.0.1:54943,suspend=y,server=n -javaagent:C:\Users\Cooper\AppData\Local\JetBrains\IdeaIC2020.1\captureAgent\debugger-agent.jar -Dfile.encoding=UTF-8 
java_command: com.cloud.sentence.SentenceApp
java_class_path (initial): C:\Program Files\Java\jdk1.8.0_211\jre\lib\charsets.jar;C:\Program Files\Java\jdk1.8.0_211\jre\lib\deploy.jar;C:\Program Files\Java\jdk1.8.0_211\jre\lib\ext\access-bridge-64.jar;C:\Program Files\Java\jdk1.8.0_211\jre\lib\ext\cldrdata.jar;C:\Program Files\Java\jdk1.8.0_211\jre\lib\ext\dnsns.jar;C:\Program Files\Java\jdk1.8.0_211\jre\lib\ext\jaccess.jar;C:\Program Files\Java\jdk1.8.0_211\jre\lib\ext\jfxrt.jar;C:\Program Files\Java\jdk1.8.0_211\jre\lib\ext\localedata.jar;C:\Program Files\Java\jdk1.8.0_211\jre\lib\ext\nashorn.jar;C:\Program Files\Java\jdk1.8.0_211\jre\lib\ext\sunec.jar;C:\Program Files\Java\jdk1.8.0_211\jre\lib\ext\sunjce_provider.jar;C:\Program Files\Java\jdk1.8.0_211\jre\lib\ext\sunmscapi.jar;C:\Program Files\Java\jdk1.8.0_211\jre\lib\ext\sunpkcs11.jar;C:\Program Files\Java\jdk1.8.0_211\jre\lib\ext\zipfs.jar;C:\Program Files\Java\jdk1.8.0_211\jre\lib\javaws.jar;C:\Program Files\Java\jdk1.8.0_211\jre\lib\jce.jar;C:\Program Files\Java\jdk1.8.0_211\jre\lib\jfr.jar;C:\Program Files\Java\jdk1.8.0_211\jre\lib\jfxswt.jar;C:\Program Files\Java\jdk1.8.0_211\jre\lib\jsse.jar;C:\Program Files\Java\jdk1.8.0_211\jre\lib\management-agent.jar;C:\Program Files\Java\jdk1.8.0_211\jre\lib\plugin.jar;C:\Program Files\Java\jdk1.8.0_211\jre\lib\resources.jar;C:\Program Files\Java\jdk1.8.0_211\jre\lib\rt.jar;C:\Users\Cooper\IdeaProjects\spring-cloud-test\eureka-client-sentence-app\target\classes;C:\Users\Cooper\.m2\repository\org\springframework\cloud\spring-cloud-starter-netflix-eureka-client\2.0.0.RELEASE\spring-cloud-starter-netflix-eureka-client-2.0.0.RELEASE.jar;C:\Users\Cooper\.m2\repository\org\springframework\cloud\spring-cloud-starter\2.0.0.RELEASE\spring-cloud-starter-2.0.0.RELEASE.jar;C:\Users\Cooper\.m2\repository\org\springframework\cloud\spring-cloud-context\2.0.0.RELEASE\spring-cloud-context-2.0.0.RELEASE.jar;C:\Users\Cooper\.m2\repository\org\springframework\security\spring-security-crypto\5.0.4.RELEASE\spring-security-crypto-5.0
Launcher Type: SUN_STANDARD

Environment Variables:
JAVA_HOME=C:\Program Files\Java\jdk1.8.0_211
PATH=C:\WINDOWS\system32;C:\WINDOWS;C:\WINDOWS\System32\Wbem;C:\WINDOWS\System32\WindowsPowerShell\v1.0\;C:\WINDOWS\System32\OpenSSH\;C:\Program Files\Java\jdk1.8.0_211\bin;C:\Program Files\Apache\apache-maven-3.6.1\bin;C:\Program Files\Git\cmd;C:\Program Files\nodejs\;C:\Users\Cooper\AppData\Local\Programs\Python\Python38-32\Scripts\;C:\Users\Cooper\AppData\Local\Programs\Python\Python38-32\;C:\Users\Cooper\AppData\Local\Microsoft\WindowsApps;;C:\Program Files\JetBrains\PyCharm Community Edition 2020.1.2\bin;;C:\Program Files\JetBrains\WebStorm 2020.2.3\bin;;C:\Users\Cooper\AppData\Local\Programs\Microsoft VS Code\bin;C:\Users\Cooper\AppData\Roaming\npm
USERNAME=Cooper
OS=Windows_NT
PROCESSOR_IDENTIFIER=Intel64 Family 6 Model 158 Stepping 9, GenuineIntel



---------------  S Y S T E M  ---------------

OS: Windows 10.0 , 64 bit Build 19041 (10.0.19041.1023)

CPU:total 8 (initial active 8) (4 cores per cpu, 2 threads per core) family 6 model 158 stepping 9, cmov, cx8, fxsr, mmx, sse, sse2, sse3, ssse3, sse4.1, sse4.2, popcnt, avx, avx2, aes, clmul, erms, 3dnowpref, lzcnt, ht, tsc, tscinvbit, bmi1, bmi2, adx

Memory: 4k page, physical 16659600k(8217580k free), swap 17478800k(5220k free)

vm_info: Java HotSpot(TM) 64-Bit Server VM (25.211-b12) for windows-amd64 JRE (1.8.0_211-b12), built on Apr  1 2019 20:53:26 by "java_re" with MS VC++ 10.0 (VS2010)

time: Wed Aug 04 23:19:34 2021
timezone: Central European Daylight Time
elapsed time: 5 seconds (0d 0h 0m 5s)

