#
# A fatal error has been detected by the Java Runtime Environment:
#
#  EXCEPTION_STACK_OVERFLOW (0xc00000fd) at pc=0x000000005bd54ef7, pid=8776, tid=0x000000000000c2e8
#
# JRE version: Java(TM) SE Runtime Environment (8.0_211-b12) (build 1.8.0_211-b12)
# Java VM: Java HotSpot(TM) 64-Bit Server VM (25.211-b12 mixed mode windows-amd64 compressed oops)
# Problematic frame:
# V  [jvm.dll+0x214ef7]
#
# Failed to write core dump. Minidumps are not enabled by default on client versions of Windows
#
# If you would like to submit a bug report, please visit:
#   http://bugreport.java.com/bugreport/crash.jsp
#

---------------  T H R E A D  ---------------

Current thread (0x00000000210f0800):  JavaThread "background-preinit" [_thread_in_vm, id=49896, stack(0x0000000021440000,0x0000000021540000)]

siginfo: ExceptionCode=0xc00000fd, ExceptionInformation=0x0000000000000001 0x0000000021537670 

Registers:
RAX=0x0000000021537670, RBX=0x0000000000000007, RCX=0x0000000000006000, RDX=0x000000000000000c
RSP=0x000000002153d670, RBP=0x0000000000000000, RSI=0x000000002153d670, RDI=0x0000000000000007
R8 =0x000000000000000c, R9 =0x0000000020889690, R10=0x000000001c3d2070, R11=0x000000002144a148
R12=0x0000000020889690, R13=0x00000000210f0800, R14=0x000000002153d738, R15=0x000000001c3d2070
RIP=0x000000005bd54ef7, EFLAGS=0x0000000000010202

Top of Stack: (sp=0x000000002153d670)
0x000000002153d670:   0000000000000000 0000000000000000
0x000000002153d680:   00000000210f0800 0000000020889690
0x000000002153d690:   00000000ffffffff 000000005bd55e27
0x000000002153d6a0:   000000002153d7a0 000000001c3d2070
0x000000002153d6b0:   00000000210f0800 0000000000000000
0x000000002153d6c0:   0000000000000000 0000000000000000
0x000000002153d6d0:   0000000000000000 0000000000000000
0x000000002153d6e0:   000000001c3d2070 00000000210f0800
0x000000002153d6f0:   000000000310a460 0000000000000000
0x000000002153d700:   0000000000000000 0000000000000000
0x000000002153d710:   0000000000000000 0000000000000000
0x000000002153d720:   0000000000000000 000000001c3d2070
0x000000002153d730:   00000000210f0800 00000000209c6bb8
0x000000002153d740:   0000000000000000 0000000000000000
0x000000002153d750:   000000002153d8f8 0000000000000000
0x000000002153d760:   0000000000000000 0000000000000000 

Instructions: (pc=0x000000005bd54ef7)
0x000000005bd54ed7:   48 89 6c 24 30 33 ed 66 90 e8 4b 5d 08 00 ff c3
0x000000005bd54ee7:   48 63 c8 48 8b c6 48 0f af cf 48 ff c7 48 2b c1
0x000000005bd54ef7:   89 28 48 63 c3 48 3b 05 a5 a9 59 00 7e db 48 8b
0x000000005bd54f07:   6c 24 30 48 8b 5c 24 38 48 8b 74 24 40 48 83 c4 


Register to memory mapping:

RAX=0x0000000021537670 is pointing into the stack for thread: 0x00000000210f0800
RBX=0x0000000000000007 is an unknown value
RCX=0x0000000000006000 is an unknown value
RDX=0x000000000000000c is an unknown value
RSP=0x000000002153d670 is pointing into the stack for thread: 0x00000000210f0800
RBP=0x0000000000000000 is an unknown value
RSI=0x000000002153d670 is pointing into the stack for thread: 0x00000000210f0800
RDI=0x0000000000000007 is an unknown value
R8 =0x000000000000000c is an unknown value
R9 =0x0000000020889690 is an unknown value
R10={method} {0x000000001c3d2078} 'run' '()Ljava/lang/Object;' in 'java/net/URLClassLoader$3$1'
R11=0x000000002144a148 is pointing into the stack for thread: 0x00000000210f0800
R12=0x0000000020889690 is an unknown value
R13=0x00000000210f0800 is a thread
R14=0x000000002153d738 is pointing into the stack for thread: 0x00000000210f0800
R15={method} {0x000000001c3d2078} 'run' '()Ljava/lang/Object;' in 'java/net/URLClassLoader$3$1'


Stack: [0x0000000021440000,0x0000000021540000],  sp=0x000000002153d670,  free space=1013k
Native frames: (J=compiled Java code, j=interpreted, Vv=VM code, C=native code)

Java frames: (J=compiled Java code, j=interpreted, Vv=VM code)
J 781  java.security.AccessController.doPrivileged(Ljava/security/PrivilegedAction;Ljava/security/AccessControlContext;)Ljava/lang/Object; (0 bytes) @ 0x000000000344b6a6 [0x000000000344b640+0x66]
J 784 C1 java.net.URLClassLoader$3.next()Z (73 bytes) @ 0x000000000345443c [0x0000000003454260+0x1dc]
J 2083 C1 java.net.URLClassLoader$3.hasMoreElements()Z (5 bytes) @ 0x0000000003881044 [0x0000000003880fc0+0x84]
J 2082 C1 sun.misc.CompoundEnumeration.next()Z (58 bytes) @ 0x0000000003881504 [0x0000000003881360+0x1a4]
j  sun.misc.CompoundEnumeration.hasMoreElements()Z+1
J 2082 C1 sun.misc.CompoundEnumeration.next()Z (58 bytes) @ 0x0000000003881504 [0x0000000003881360+0x1a4]
j  sun.misc.CompoundEnumeration.hasMoreElements()Z+1
j  java.util.ServiceLoader$LazyIterator.hasNextService()Z+109
j  java.util.ServiceLoader$LazyIterator.hasNext()Z+11
j  java.util.ServiceLoader$1.hasNext()Z+21
j  java.nio.charset.Charset$1.getNext()Z+11
j  java.nio.charset.Charset$1.hasNext()Z+1
j  java.nio.charset.Charset$3.run()Ljava/util/SortedMap;+42
j  java.nio.charset.Charset$3.run()Ljava/lang/Object;+1
v  ~StubRoutines::call_stub
J 616  java.security.AccessController.doPrivileged(Ljava/security/PrivilegedAction;)Ljava/lang/Object; (0 bytes) @ 0x00000000033d4952 [0x00000000033d4900+0x52]
j  java.nio.charset.Charset.availableCharsets()Ljava/util/SortedMap;+7
j  org.springframework.http.converter.StringHttpMessageConverter.<init>(Ljava/nio/charset/Charset;)V+31
j  org.springframework.http.converter.StringHttpMessageConverter.<init>()V+4
j  org.springframework.http.converter.FormHttpMessageConverter.<init>()V+80
j  org.springframework.http.converter.support.AllEncompassingFormHttpMessageConverter.<init>()V+1
j  org.springframework.boot.autoconfigure.BackgroundPreinitializer$MessageConverterInitializer.run()V+4
j  org.springframework.boot.autoconfigure.BackgroundPreinitializer$1.runSafely(Ljava/lang/Runnable;)V+1
j  org.springframework.boot.autoconfigure.BackgroundPreinitializer$1.run()V+9
j  java.lang.Thread.run()V+11
v  ~StubRoutines::call_stub

---------------  P R O C E S S  ---------------

Java Threads: ( => current thread )
=>0x00000000210f0800 JavaThread "background-preinit" [_thread_in_vm, id=49896, stack(0x0000000021440000,0x0000000021540000)]
  0x000000001f66f000 JavaThread "Service Thread" daemon [_thread_blocked, id=46924, stack(0x0000000020130000,0x0000000020230000)]
  0x000000001f664000 JavaThread "C1 CompilerThread3" daemon [_thread_blocked, id=45208, stack(0x0000000020030000,0x0000000020130000)]
  0x000000001f662800 JavaThread "C2 CompilerThread2" daemon [_thread_blocked, id=40580, stack(0x000000001ff30000,0x0000000020030000)]
  0x000000001f661800 JavaThread "C2 CompilerThread1" daemon [_thread_blocked, id=50072, stack(0x000000001fe30000,0x000000001ff30000)]
  0x000000001f64c800 JavaThread "C2 CompilerThread0" daemon [_thread_blocked, id=50064, stack(0x000000001fd30000,0x000000001fe30000)]
  0x000000001e971800 JavaThread "JDWP Command Reader" daemon [_thread_in_native, id=43908, stack(0x000000001f430000,0x000000001f530000)]
  0x000000001e970000 JavaThread "JDWP Event Helper Thread" daemon [_thread_blocked, id=6944, stack(0x000000001f330000,0x000000001f430000)]
  0x000000001e964800 JavaThread "JDWP Transport Listener: dt_socket" daemon [_thread_blocked, id=46872, stack(0x000000001f230000,0x000000001f330000)]
  0x000000001e95b800 JavaThread "Attach Listener" daemon [_thread_blocked, id=48920, stack(0x000000001f130000,0x000000001f230000)]
  0x000000001e95a800 JavaThread "Signal Dispatcher" daemon [_thread_blocked, id=40524, stack(0x000000001f030000,0x000000001f130000)]
  0x000000001e940800 JavaThread "Finalizer" daemon [_thread_blocked, id=43856, stack(0x000000001ee20000,0x000000001ef20000)]
  0x0000000002f4e000 JavaThread "Reference Handler" daemon [_thread_blocked, id=32424, stack(0x000000001ed20000,0x000000001ee20000)]
  0x0000000002e58000 JavaThread "main" [_thread_in_vm, id=42608, stack(0x0000000002d00000,0x0000000002e00000)]

Other Threads:
  0x000000001cb09800 VMThread [stack: 0x000000001e820000,0x000000001e920000] [id=48760]
  0x000000001f66f800 WatcherThread [stack: 0x0000000020230000,0x0000000020330000] [id=46100]

VM state:not at safepoint (normal execution)

VM Mutex/Monitor currently owned by a thread: None

heap address: 0x00000006c1c00000, size: 4068 MB, Compressed Oops mode: Zero based, Oop shift amount: 3
Narrow klass base: 0x0000000000000000, Narrow klass shift: 3
Compressed class space size: 1073741824 Address: 0x00000007c0000000

Heap:
 PSYoungGen      total 76288K, used 35463K [0x000000076b400000, 0x0000000774900000, 0x00000007c0000000)
  eden space 65536K, 54% used [0x000000076b400000,0x000000076d6a1f38,0x000000076f400000)
  from space 10752K, 0% used [0x000000076f400000,0x000000076f400000,0x000000076fe80000)
  to   space 10752K, 0% used [0x0000000773e80000,0x0000000773e80000,0x0000000774900000)
 ParOldGen       total 114176K, used 9652K [0x00000006c1c00000, 0x00000006c8b80000, 0x000000076b400000)
  object space 114176K, 8% used [0x00000006c1c00000,0x00000006c256d2d0,0x00000006c8b80000)
 Metaspace       used 22950K, capacity 23150K, committed 23344K, reserved 1069056K
  class space    used 2836K, capacity 2914K, committed 2944K, reserved 1048576K

Card table byte_map: [0x00000000124b0000,0x0000000012cb0000] byte_map_base: 0x000000000eea2000

Marking Bits: (ParMarkBitMap*) 0x000000005c365ce0
 Begin Bits: [0x0000000013a00000, 0x0000000017990000)
 End Bits:   [0x0000000017990000, 0x000000001b920000)

Polling page: 0x0000000001440000

CodeCache: size=245760Kb used=8096Kb max_used=8096Kb free=237663Kb
 bounds [0x00000000030f0000, 0x00000000038e0000, 0x00000000120f0000]
 total_blobs=2515 nmethods=2142 adapters=293
 compilation: enabled

Compilation events (10 events):
Event: 6.318 Thread 0x000000001f664000 2142       1       ch.qos.logback.core.pattern.Converter::getNext (5 bytes)
Event: 6.318 Thread 0x000000001f664000 nmethod 2142 0x00000000038cec90 code [0x00000000038cede0, 0x00000000038ceef0]
Event: 6.318 Thread 0x000000001f664000 2141       1       ch.qos.logback.core.pattern.parser.Token::getType (5 bytes)
Event: 6.318 Thread 0x000000001f664000 nmethod 2141 0x00000000038ce9d0 code [0x00000000038ceb20, 0x00000000038cec30]
Event: 6.318 Thread 0x000000001f664000 2139   !   3       java.util.logging.LogManager::ensureLogManagerInitialized (128 bytes)
Event: 6.319 Thread 0x000000001f664000 nmethod 2139 0x00000000038cdf10 code [0x00000000038ce0c0, 0x00000000038ce768]
Event: 6.319 Thread 0x000000001f664000 2131       3       org.springframework.core.io.AbstractFileResolvingResource::<init> (5 bytes)
Event: 6.319 Thread 0x000000001f664000 nmethod 2131 0x00000000038cda90 code [0x00000000038cdc00, 0x00000000038cde10]
Event: 6.320 Thread 0x000000001f64c800 nmethod 2143 0x00000000038d59d0 code [0x00000000038d5b20, 0x00000000038d5e98]
Event: 6.320 Thread 0x000000001f664000 2145       3       sun.util.PreHashedMap::get (73 bytes)

GC Heap History (8 events):
Event: 3.199 GC heap before
{Heap before GC invocations=1 (full 0):
 PSYoungGen      total 76288K, used 65536K [0x000000076b400000, 0x0000000770900000, 0x00000007c0000000)
  eden space 65536K, 100% used [0x000000076b400000,0x000000076f400000,0x000000076f400000)
  from space 10752K, 0% used [0x000000076fe80000,0x000000076fe80000,0x0000000770900000)
  to   space 10752K, 0% used [0x000000076f400000,0x000000076f400000,0x000000076fe80000)
 ParOldGen       total 175104K, used 0K [0x00000006c1c00000, 0x00000006cc700000, 0x000000076b400000)
  object space 175104K, 0% used [0x00000006c1c00000,0x00000006c1c00000,0x00000006cc700000)
 Metaspace       used 10380K, capacity 10460K, committed 10624K, reserved 1058816K
  class space    used 1288K, capacity 1332K, committed 1408K, reserved 1048576K
Event: 3.210 GC heap after
Heap after GC invocations=1 (full 0):
 PSYoungGen      total 76288K, used 8201K [0x000000076b400000, 0x0000000770900000, 0x00000007c0000000)
  eden space 65536K, 0% used [0x000000076b400000,0x000000076b400000,0x000000076f400000)
  from space 10752K, 76% used [0x000000076f400000,0x000000076fc02760,0x000000076fe80000)
  to   space 10752K, 0% used [0x000000076fe80000,0x000000076fe80000,0x0000000770900000)
 ParOldGen       total 175104K, used 16K [0x00000006c1c00000, 0x00000006cc700000, 0x000000076b400000)
  object space 175104K, 0% used [0x00000006c1c00000,0x00000006c1c04000,0x00000006cc700000)
 Metaspace       used 10380K, capacity 10460K, committed 10624K, reserved 1058816K
  class space    used 1288K, capacity 1332K, committed 1408K, reserved 1048576K
}
Event: 4.225 GC heap before
{Heap before GC invocations=2 (full 0):
 PSYoungGen      total 76288K, used 73737K [0x000000076b400000, 0x0000000770900000, 0x00000007c0000000)
  eden space 65536K, 100% used [0x000000076b400000,0x000000076f400000,0x000000076f400000)
  from space 10752K, 76% used [0x000000076f400000,0x000000076fc02760,0x000000076fe80000)
  to   space 10752K, 0% used [0x000000076fe80000,0x000000076fe80000,0x0000000770900000)
 ParOldGen       total 175104K, used 16K [0x00000006c1c00000, 0x00000006cc700000, 0x000000076b400000)
  object space 175104K, 0% used [0x00000006c1c00000,0x00000006c1c04000,0x00000006cc700000)
 Metaspace       used 18037K, capacity 18182K, committed 18432K, reserved 1064960K
  class space    used 2186K, capacity 2219K, committed 2304K, reserved 1048576K
Event: 4.250 GC heap after
Heap after GC invocations=2 (full 0):
 PSYoungGen      total 76288K, used 10743K [0x000000076b400000, 0x0000000774900000, 0x00000007c0000000)
  eden space 65536K, 0% used [0x000000076b400000,0x000000076b400000,0x000000076f400000)
  from space 10752K, 99% used [0x000000076fe80000,0x00000007708fdfd0,0x0000000770900000)
  to   space 10752K, 0% used [0x000000076f400000,0x000000076f400000,0x000000076fe80000)
 ParOldGen       total 175104K, used 1979K [0x00000006c1c00000, 0x00000006cc700000, 0x000000076b400000)
  object space 175104K, 1% used [0x00000006c1c00000,0x00000006c1deefa8,0x00000006cc700000)
 Metaspace       used 18037K, capacity 18182K, committed 18432K, reserved 1064960K
  class space    used 2186K, capacity 2219K, committed 2304K, reserved 1048576K
}
Event: 4.837 GC heap before
{Heap before GC invocations=3 (full 0):
 PSYoungGen      total 76288K, used 38018K [0x000000076b400000, 0x0000000774900000, 0x00000007c0000000)
  eden space 65536K, 41% used [0x000000076b400000,0x000000076cea2c10,0x000000076f400000)
  from space 10752K, 99% used [0x000000076fe80000,0x00000007708fdfd0,0x0000000770900000)
  to   space 10752K, 0% used [0x000000076f400000,0x000000076f400000,0x000000076fe80000)
 ParOldGen       total 175104K, used 1979K [0x00000006c1c00000, 0x00000006cc700000, 0x000000076b400000)
  object space 175104K, 1% used [0x00000006c1c00000,0x00000006c1deefa8,0x00000006cc700000)
 Metaspace       used 20954K, capacity 21128K, committed 21296K, reserved 1069056K
  class space    used 2548K, capacity 2625K, committed 2688K, reserved 1048576K
Event: 4.852 GC heap after
Heap after GC invocations=3 (full 0):
 PSYoungGen      total 76288K, used 9763K [0x000000076b400000, 0x0000000774900000, 0x00000007c0000000)
  eden space 65536K, 0% used [0x000000076b400000,0x000000076b400000,0x000000076f400000)
  from space 10752K, 90% used [0x000000076f400000,0x000000076fd88c70,0x000000076fe80000)
  to   space 10752K, 0% used [0x0000000773e80000,0x0000000773e80000,0x0000000774900000)
 ParOldGen       total 175104K, used 1987K [0x00000006c1c00000, 0x00000006cc700000, 0x000000076b400000)
  object space 175104K, 1% used [0x00000006c1c00000,0x00000006c1df0fa8,0x00000006cc700000)
 Metaspace       used 20954K, capacity 21128K, committed 21296K, reserved 1069056K
  class space    used 2548K, capacity 2625K, committed 2688K, reserved 1048576K
}
Event: 4.852 GC heap before
{Heap before GC invocations=4 (full 1):
 PSYoungGen      total 76288K, used 9763K [0x000000076b400000, 0x0000000774900000, 0x00000007c0000000)
  eden space 65536K, 0% used [0x000000076b400000,0x000000076b400000,0x000000076f400000)
  from space 10752K, 90% used [0x000000076f400000,0x000000076fd88c70,0x000000076fe80000)
  to   space 10752K, 0% used [0x0000000773e80000,0x0000000773e80000,0x0000000774900000)
 ParOldGen       total 175104K, used 1987K [0x00000006c1c00000, 0x00000006cc700000, 0x000000076b400000)
  object space 175104K, 1% used [0x00000006c1c00000,0x00000006c1df0fa8,0x00000006cc700000)
 Metaspace       used 20954K, capacity 21128K, committed 21296K, reserved 1069056K
  class space    used 2548K, capacity 2625K, committed 2688K, reserved 1048576K
Event: 4.954 GC heap after
Heap after GC invocations=4 (full 1):
 PSYoungGen      total 76288K, used 0K [0x000000076b400000, 0x0000000774900000, 0x00000007c0000000)
  eden space 65536K, 0% used [0x000000076b400000,0x000000076b400000,0x000000076f400000)
  from space 10752K, 0% used [0x000000076f400000,0x000000076f400000,0x000000076fe80000)
  to   space 10752K, 0% used [0x0000000773e80000,0x0000000773e80000,0x0000000774900000)
 ParOldGen       total 114176K, used 9652K [0x00000006c1c00000, 0x00000006c8b80000, 0x000000076b400000)
  object space 114176K, 8% used [0x00000006c1c00000,0x00000006c256d2d0,0x00000006c8b80000)
 Metaspace       used 20954K, capacity 21128K, committed 21296K, reserved 1069056K
  class space    used 2548K, capacity 2625K, committed 2688K, reserved 1048576K
}

Deoptimization events (10 events):
Event: 6.118 Thread 0x0000000002e58000 Uncommon trap: reason=predicate action=maybe_recompile pc=0x0000000003881bd4 method=java.util.AbstractCollection.toArray([Ljava/lang/Object;)[Ljava/lang/Object; @ 49
Event: 6.155 Thread 0x0000000002e58000 Uncommon trap: reason=class_check action=maybe_recompile pc=0x00000000034517f4 method=java.util.regex.Pattern$CharProperty.match(Ljava/util/regex/Matcher;ILjava/lang/CharSequence;)Z @ 37
Event: 6.155 Thread 0x0000000002e58000 Uncommon trap: reason=class_check action=maybe_recompile pc=0x00000000034517f4 method=java.util.regex.Pattern$CharProperty.match(Ljava/util/regex/Matcher;ILjava/lang/CharSequence;)Z @ 37
Event: 6.155 Thread 0x0000000002e58000 Uncommon trap: reason=class_check action=maybe_recompile pc=0x00000000034517f4 method=java.util.regex.Pattern$CharProperty.match(Ljava/util/regex/Matcher;ILjava/lang/CharSequence;)Z @ 37
Event: 6.155 Thread 0x0000000002e58000 Uncommon trap: reason=class_check action=maybe_recompile pc=0x00000000034517f4 method=java.util.regex.Pattern$CharProperty.match(Ljava/util/regex/Matcher;ILjava/lang/CharSequence;)Z @ 37
Event: 6.250 Thread 0x0000000002e58000 Uncommon trap: reason=unstable_if action=reinterpret pc=0x00000000034839fc method=java.util.HashMap.hash(Ljava/lang/Object;)I @ 1
Event: 6.301 Thread 0x0000000002e58000 Uncommon trap: reason=array_check action=maybe_recompile pc=0x00000000038b9dfc method=java.util.AbstractCollection.toArray([Ljava/lang/Object;)[Ljava/lang/Object; @ 119
Event: 6.301 Thread 0x0000000002e58000 Uncommon trap: reason=array_check action=maybe_recompile pc=0x00000000038b9dfc method=java.util.AbstractCollection.toArray([Ljava/lang/Object;)[Ljava/lang/Object; @ 119
Event: 6.302 Thread 0x0000000002e58000 Uncommon trap: reason=array_check action=maybe_recompile pc=0x00000000038b9dfc method=java.util.AbstractCollection.toArray([Ljava/lang/Object;)[Ljava/lang/Object; @ 119
Event: 6.302 Thread 0x0000000002e58000 Uncommon trap: reason=array_check action=maybe_recompile pc=0x00000000038b9dfc method=java.util.AbstractCollection.toArray([Ljava/lang/Object;)[Ljava/lang/Object; @ 119

Classes redefined (0 events):
No events

Internal exceptions (10 events):
Event: 5.366 Thread 0x0000000002e58000 Exception <a 'java/lang/ClassNotFoundException': org/springframework/cloud/context/properties/ConfigurationPropertiesRebinderCustomizer> (0x000000076c426338) thrown at [C:\re\workspace\8-2-build-windows-amd64-cygwin\jdk8u211\12973\hotspot\src\share\vm\cla
Event: 5.368 Thread 0x0000000002e58000 Exception <a 'java/lang/ClassNotFoundException': org/springframework/context/ApplicationContextAwareCustomizer> (0x000000076c450d80) thrown at [C:\re\workspace\8-2-build-windows-amd64-cygwin\jdk8u211\12973\hotspot\src\share\vm\classfile\systemDictionary.c
Event: 5.369 Thread 0x0000000002e58000 Exception <a 'java/lang/ClassNotFoundException': org/springframework/context/ApplicationListenerCustomizer> (0x000000076c46cf48) thrown at [C:\re\workspace\8-2-build-windows-amd64-cygwin\jdk8u211\12973\hotspot\src\share\vm\classfile\systemDictionary.cpp, 
Event: 5.381 Thread 0x0000000002e58000 Exception <a 'java/lang/ClassNotFoundException': java/lang/ObjectCustomizer> (0x000000076c4a3150) thrown at [C:\re\workspace\8-2-build-windows-amd64-cygwin\jdk8u211\12973\hotspot\src\share\vm\classfile\systemDictionary.cpp, line 210]
Event: 5.382 Thread 0x0000000002e58000 Exception <a 'java/lang/ClassNotFoundException': org/springframework/boot/autoconfigure/context/PropertyPlaceholderAutoConfigurationCustomizer> (0x000000076c4cda28) thrown at [C:\re\workspace\8-2-build-windows-amd64-cygwin\jdk8u211\12973\hotspot\src\share
Event: 5.384 Thread 0x0000000002e58000 Exception <a 'java/lang/ClassNotFoundException': org/springframework/boot/autoconfigure/context/PropertyPlaceholderAutoConfiguration$$EnhancerBySpringCGLIB$$6dfe327dCustomizer> (0x000000076c500f48) thrown at [C:\re\workspace\8-2-build-windows-amd64-cygwin
Event: 5.389 Thread 0x0000000002e58000 Exception <a 'java/lang/ClassNotFoundException': org/springframework/context/annotation/ConfigurationClassEnhancer$EnhancedConfigurationCustomizer> (0x000000076c599808) thrown at [C:\re\workspace\8-2-build-windows-amd64-cygwin\jdk8u211\12973\hotspot\src\s
Event: 6.250 Thread 0x0000000002e58000 Implicit null exception at 0x0000000003483754 to 0x00000000034839e5
Event: 6.290 Thread 0x0000000002e58000 Exception <a 'java/lang/ClassNotFoundException': java/lang/ObjectCustomizer> (0x000000076d35f9d8) thrown at [C:\re\workspace\8-2-build-windows-amd64-cygwin\jdk8u211\12973\hotspot\src\share\vm\classfile\systemDictionary.cpp, line 210]
Event: 6.291 Thread 0x0000000002e58000 Exception <a 'java/lang/ClassNotFoundException': org/springframework/boot/SpringApplicationCustomizer> (0x000000076d37c410) thrown at [C:\re\workspace\8-2-build-windows-amd64-cygwin\jdk8u211\12973\hotspot\src\share\vm\classfile\systemDictionary.cpp, line 

Events (10 events):
Event: 6.302 Thread 0x0000000002e58000 Uncommon trap: trap_request=0xffffffd6 fr.pc=0x00000000038b9dfc
Event: 6.302 Thread 0x0000000002e58000 DEOPT PACKING pc=0x00000000038b9dfc sp=0x0000000002dfebb0
Event: 6.302 Thread 0x0000000002e58000 DEOPT UNPACKING pc=0x000000000313583b sp=0x0000000002dfeb48 mode 2
Event: 6.314 Thread 0x00000000210f0800 Thread added: 0x00000000210f0800
Event: 6.315 loading class org/springframework/boot/SpringApplicationBannerPrinter
Event: 6.315 loading class org/springframework/boot/SpringApplicationBannerPrinter done
Event: 6.316 loading class org/springframework/boot/SpringBootBanner
Event: 6.316 loading class org/springframework/boot/SpringBootBanner done
Event: 6.319 loading class org/springframework/boot/SpringApplicationBannerPrinter$Banners
Event: 6.319 loading class org/springframework/boot/SpringApplicationBannerPrinter$Banners done


Dynamic libraries:
0x00007ff7fd320000 - 0x00007ff7fd357000 	C:\Program Files\Java\jdk1.8.0_211\bin\java.exe
0x00007ffb3d450000 - 0x00007ffb3d645000 	C:\WINDOWS\SYSTEM32\ntdll.dll
0x00007ffb3b520000 - 0x00007ffb3b5dd000 	C:\WINDOWS\System32\KERNEL32.DLL
0x00007ffb3ae40000 - 0x00007ffb3b109000 	C:\WINDOWS\System32\KERNELBASE.dll
0x00007ffb3c490000 - 0x00007ffb3c53c000 	C:\WINDOWS\System32\ADVAPI32.dll
0x00007ffb3b8b0000 - 0x00007ffb3b94e000 	C:\WINDOWS\System32\msvcrt.dll
0x00007ffb3c560000 - 0x00007ffb3c5fb000 	C:\WINDOWS\System32\sechost.dll
0x00007ffb3cf50000 - 0x00007ffb3d07a000 	C:\WINDOWS\System32\RPCRT4.dll
0x00007ffb3b6a0000 - 0x00007ffb3b840000 	C:\WINDOWS\System32\USER32.dll
0x00007ffb3ab90000 - 0x00007ffb3abb2000 	C:\WINDOWS\System32\win32u.dll
0x00007ffb3d3e0000 - 0x00007ffb3d40a000 	C:\WINDOWS\System32\GDI32.dll
0x00007ffb3b300000 - 0x00007ffb3b40b000 	C:\WINDOWS\System32\gdi32full.dll
0x00007ffb3abc0000 - 0x00007ffb3ac5d000 	C:\WINDOWS\System32\msvcp_win.dll
0x00007ffb3ad40000 - 0x00007ffb3ae40000 	C:\WINDOWS\System32\ucrtbase.dll
0x00007ffb287f0000 - 0x00007ffb28a8a000 	C:\WINDOWS\WinSxS\amd64_microsoft.windows.common-controls_6595b64144ccf1df_6.0.19041.1110_none_60b5254171f9507e\COMCTL32.dll
0x00007ffb3b5e0000 - 0x00007ffb3b610000 	C:\WINDOWS\System32\IMM32.DLL
0x000000005cab0000 - 0x000000005cb82000 	C:\Program Files\Java\jdk1.8.0_211\jre\bin\msvcr100.dll
0x000000005bb40000 - 0x000000005c3e5000 	C:\Program Files\Java\jdk1.8.0_211\jre\bin\server\jvm.dll
0x00007ffb3bff0000 - 0x00007ffb3bff8000 	C:\WINDOWS\System32\PSAPI.DLL
0x00007ffb24780000 - 0x00007ffb24789000 	C:\WINDOWS\SYSTEM32\WSOCK32.dll
0x00007ffb3c3c0000 - 0x00007ffb3c42b000 	C:\WINDOWS\System32\WS2_32.dll
0x00007ffb26d10000 - 0x00007ffb26d37000 	C:\WINDOWS\SYSTEM32\WINMM.dll
0x00007ffb33e20000 - 0x00007ffb33e2a000 	C:\WINDOWS\SYSTEM32\VERSION.dll
0x00007ffb35520000 - 0x00007ffb3552f000 	C:\Program Files\Java\jdk1.8.0_211\jre\bin\verify.dll
0x00007ffb33c30000 - 0x00007ffb33c59000 	C:\Program Files\Java\jdk1.8.0_211\jre\bin\java.dll
0x00007ffb1f7e0000 - 0x00007ffb1f815000 	C:\Program Files\Java\jdk1.8.0_211\jre\bin\jdwp.dll
0x00007ffb35500000 - 0x00007ffb35508000 	C:\Program Files\Java\jdk1.8.0_211\jre\bin\npt.dll
0x00007ffb1f100000 - 0x00007ffb1f123000 	C:\Program Files\Java\jdk1.8.0_211\jre\bin\instrument.dll
0x00007ffb224b0000 - 0x00007ffb224c6000 	C:\Program Files\Java\jdk1.8.0_211\jre\bin\zip.dll
0x00007ffb3c6e0000 - 0x00007ffb3ce1f000 	C:\WINDOWS\System32\SHELL32.dll
0x00007ffb38ca0000 - 0x00007ffb39431000 	C:\WINDOWS\SYSTEM32\windows.storage.dll
0x00007ffb3c060000 - 0x00007ffb3c3b5000 	C:\WINDOWS\System32\combase.dll
0x00007ffb3a600000 - 0x00007ffb3a62c000 	C:\WINDOWS\SYSTEM32\Wldp.dll
0x00007ffb3ba20000 - 0x00007ffb3bace000 	C:\WINDOWS\System32\SHCORE.dll
0x00007ffb3b840000 - 0x00007ffb3b895000 	C:\WINDOWS\System32\shlwapi.dll
0x00007ffb3aad0000 - 0x00007ffb3aaef000 	C:\WINDOWS\SYSTEM32\profapi.dll
0x00007ffb33c20000 - 0x00007ffb33c29000 	C:\Program Files\Java\jdk1.8.0_211\jre\bin\dt_socket.dll
0x00007ffb3a360000 - 0x00007ffb3a3ca000 	C:\WINDOWS\system32\mswsock.dll
0x00007ffb1f020000 - 0x00007ffb1f03a000 	C:\Program Files\Java\jdk1.8.0_211\jre\bin\net.dll
0x00007ffb2b530000 - 0x00007ffb2b71c000 	C:\WINDOWS\SYSTEM32\urlmon.dll
0x00007ffb2b900000 - 0x00007ffb2bbb0000 	C:\WINDOWS\SYSTEM32\iertutil.dll
0x00007ffb2b500000 - 0x00007ffb2b528000 	C:\WINDOWS\SYSTEM32\srvcli.dll
0x00007ffb3a040000 - 0x00007ffb3a04c000 	C:\WINDOWS\SYSTEM32\netutils.dll
0x00007ffb3a000000 - 0x00007ffb3a03b000 	C:\WINDOWS\SYSTEM32\IPHLPAPI.DLL
0x00007ffb3b8a0000 - 0x00007ffb3b8a8000 	C:\WINDOWS\System32\NSI.dll
0x00007ffb382b0000 - 0x00007ffb382c7000 	C:\WINDOWS\SYSTEM32\dhcpcsvc6.DLL
0x00007ffb38280000 - 0x00007ffb3829d000 	C:\WINDOWS\SYSTEM32\dhcpcsvc.DLL
0x00007ffb3a050000 - 0x00007ffb3a11c000 	C:\WINDOWS\SYSTEM32\DNSAPI.dll
0x00007ffb272b0000 - 0x00007ffb272ba000 	C:\Windows\System32\rasadhlp.dll
0x00007ffb33b60000 - 0x00007ffb33b6d000 	C:\Program Files\Java\jdk1.8.0_211\jre\bin\management.dll
0x00007ffb247b0000 - 0x00007ffb247c7000 	C:\WINDOWS\system32\napinsp.dll
0x00007ffb278e0000 - 0x00007ffb278fb000 	C:\WINDOWS\system32\pnrpnsp.dll
0x00007ffb27580000 - 0x00007ffb27595000 	C:\WINDOWS\system32\wshbth.dll
0x00007ffb361f0000 - 0x00007ffb3620d000 	C:\WINDOWS\system32\NLAapi.dll
0x00007ffb35560000 - 0x00007ffb35572000 	C:\WINDOWS\System32\winrnr.dll
0x00007ffb274f0000 - 0x00007ffb2756f000 	C:\WINDOWS\System32\fwpuclnt.dll
0x00007ffb3ad10000 - 0x00007ffb3ad37000 	C:\WINDOWS\System32\bcrypt.dll
0x00007ffb1eb80000 - 0x00007ffb1eb92000 	C:\Program Files\Java\jdk1.8.0_211\jre\bin\nio.dll
0x00007ffb3b110000 - 0x00007ffb3b193000 	C:\WINDOWS\System32\bcryptPrimitives.dll

VM Arguments:
jvm_args: -agentlib:jdwp=transport=dt_socket,address=127.0.0.1:63280,suspend=y,server=n -javaagent:C:\Users\Cooper\AppData\Local\JetBrains\IdeaIC2020.1\captureAgent\debugger-agent.jar -Dfile.encoding=UTF-8 
java_command: com.cloud.eureka.client1.EurekaClient2App
java_class_path (initial): C:\Program Files\Java\jdk1.8.0_211\jre\lib\charsets.jar;C:\Program Files\Java\jdk1.8.0_211\jre\lib\deploy.jar;C:\Program Files\Java\jdk1.8.0_211\jre\lib\ext\access-bridge-64.jar;C:\Program Files\Java\jdk1.8.0_211\jre\lib\ext\cldrdata.jar;C:\Program Files\Java\jdk1.8.0_211\jre\lib\ext\dnsns.jar;C:\Program Files\Java\jdk1.8.0_211\jre\lib\ext\jaccess.jar;C:\Program Files\Java\jdk1.8.0_211\jre\lib\ext\jfxrt.jar;C:\Program Files\Java\jdk1.8.0_211\jre\lib\ext\localedata.jar;C:\Program Files\Java\jdk1.8.0_211\jre\lib\ext\nashorn.jar;C:\Program Files\Java\jdk1.8.0_211\jre\lib\ext\sunec.jar;C:\Program Files\Java\jdk1.8.0_211\jre\lib\ext\sunjce_provider.jar;C:\Program Files\Java\jdk1.8.0_211\jre\lib\ext\sunmscapi.jar;C:\Program Files\Java\jdk1.8.0_211\jre\lib\ext\sunpkcs11.jar;C:\Program Files\Java\jdk1.8.0_211\jre\lib\ext\zipfs.jar;C:\Program Files\Java\jdk1.8.0_211\jre\lib\javaws.jar;C:\Program Files\Java\jdk1.8.0_211\jre\lib\jce.jar;C:\Program Files\Java\jdk1.8.0_211\jre\lib\jfr.jar;C:\Program Files\Java\jdk1.8.0_211\jre\lib\jfxswt.jar;C:\Program Files\Java\jdk1.8.0_211\jre\lib\jsse.jar;C:\Program Files\Java\jdk1.8.0_211\jre\lib\management-agent.jar;C:\Program Files\Java\jdk1.8.0_211\jre\lib\plugin.jar;C:\Program Files\Java\jdk1.8.0_211\jre\lib\resources.jar;C:\Program Files\Java\jdk1.8.0_211\jre\lib\rt.jar;C:\Users\Cooper\IdeaProjects\spring-cloud-test\eureka-client-app-2\target\classes;C:\Users\Cooper\.m2\repository\org\springframework\cloud\spring-cloud-starter-eureka\1.4.7.RELEASE\spring-cloud-starter-eureka-1.4.7.RELEASE.jar;C:\Users\Cooper\.m2\repository\org\springframework\cloud\spring-cloud-starter-netflix-eureka-client\1.4.7.RELEASE\spring-cloud-starter-netflix-eureka-client-1.4.7.RELEASE.jar;C:\Users\Cooper\.m2\repository\org\springframework\boot\spring-boot-starter-web\1.5.2.RELEASE\spring-boot-starter-web-1.5.2.RELEASE.jar;C:\Users\Cooper\.m2\repository\org\springframework\boot\spring-boot-starter\1.5.2.RELEASE\spring-boot-starter-1
Launcher Type: SUN_STANDARD

Environment Variables:
JAVA_HOME=C:\Program Files\Java\jdk1.8.0_211
PATH=C:\WINDOWS\system32;C:\WINDOWS;C:\WINDOWS\System32\Wbem;C:\WINDOWS\System32\WindowsPowerShell\v1.0\;C:\WINDOWS\System32\OpenSSH\;C:\Program Files\Java\jdk1.8.0_211\bin;C:\Program Files\Apache\apache-maven-3.6.1\bin;C:\Program Files\Git\cmd;C:\Program Files\nodejs\;C:\Users\Cooper\AppData\Local\Programs\Python\Python38-32\Scripts\;C:\Users\Cooper\AppData\Local\Programs\Python\Python38-32\;C:\Users\Cooper\AppData\Local\Microsoft\WindowsApps;;C:\Program Files\JetBrains\PyCharm Community Edition 2020.1.2\bin;;C:\Program Files\JetBrains\WebStorm 2020.2.3\bin;;C:\Users\Cooper\AppData\Local\Programs\Microsoft VS Code\bin;C:\Users\Cooper\AppData\Roaming\npm
USERNAME=Cooper
OS=Windows_NT
PROCESSOR_IDENTIFIER=Intel64 Family 6 Model 158 Stepping 9, GenuineIntel



---------------  S Y S T E M  ---------------

OS: Windows 10.0 , 64 bit Build 19041 (10.0.19041.1023)

CPU:total 8 (initial active 8) (4 cores per cpu, 2 threads per core) family 6 model 158 stepping 9, cmov, cx8, fxsr, mmx, sse, sse2, sse3, ssse3, sse4.1, sse4.2, popcnt, avx, avx2, aes, clmul, erms, 3dnowpref, lzcnt, ht, tsc, tscinvbit, bmi1, bmi2, adx

Memory: 4k page, physical 16659600k(7208132k free), swap 17478800k(5120k free)

vm_info: Java HotSpot(TM) 64-Bit Server VM (25.211-b12) for windows-amd64 JRE (1.8.0_211-b12), built on Apr  1 2019 20:53:26 by "java_re" with MS VC++ 10.0 (VS2010)

time: Wed Aug 04 21:48:11 2021
timezone: Central European Daylight Time
elapsed time: 6 seconds (0d 0h 0m 6s)

