#
# There is insufficient memory for the Java Runtime Environment to continue.
# Native memory allocation (malloc) failed to allocate 235152 bytes for Chunk::new
# Possible reasons:
#   The system is out of physical RAM or swap space
#   The process is running with CompressedOops enabled, and the Java Heap may be blocking the growth of the native heap
# Possible solutions:
#   Reduce memory load on the system
#   Increase physical memory or swap space
#   Check if swap backing store is full
#   Decrease Java heap size (-Xmx/-Xms)
#   Decrease number of Java threads
#   Decrease Java thread stack sizes (-Xss)
#   Set larger code cache with -XX:ReservedCodeCacheSize=
#   JVM is running with Zero Based Compressed Oops mode in which the Java heap is
#     placed in the first 32GB address space. The Java Heap base address is the
#     maximum limit for the native heap growth. Please use -XX:HeapBaseMinAddress
#     to set the Java Heap base and to place the Java Heap above 32GB virtual address.
# This output file may be truncated or incomplete.
#
#  Out of Memory Error (allocation.cpp:389), pid=44540, tid=0x000000000000b36c
#
# JRE version: Java(TM) SE Runtime Environment (8.0_211-b12) (build 1.8.0_211-b12)
# Java VM: Java HotSpot(TM) 64-Bit Server VM (25.211-b12 mixed mode windows-amd64 compressed oops)
# Failed to write core dump. Minidumps are not enabled by default on client versions of Windows
#

---------------  T H R E A D  ---------------

Current thread (0x000000001f3a5000):  JavaThread "C2 CompilerThread2" daemon [_thread_in_native, id=45932, stack(0x000000001fc70000,0x000000001fd70000)]

Stack: [0x000000001fc70000,0x000000001fd70000]
[error occurred during error reporting (printing stack bounds), id 0xc0000005]

Native frames: (J=compiled Java code, j=interpreted, Vv=VM code, C=native code)


Current CompileTask:
C2:  12543 3835   !   4       org.springframework.core.annotation.AnnotatedElementUtils::searchOnInterfaces (86 bytes)


---------------  P R O C E S S  ---------------

Java Threads: ( => current thread )
  0x000000001f9d8800 JavaThread "http-nio-auto-1-63285-AsyncTimeout" daemon [_thread_blocked, id=48968, stack(0x000000002b090000,0x000000002b190000)]
  0x000000002514a800 JavaThread "http-nio-auto-1-Acceptor-0" daemon [_thread_in_native, id=49948, stack(0x000000002af90000,0x000000002b090000)]
  0x000000002514a000 JavaThread "http-nio-auto-1-ClientPoller-1" daemon [_thread_in_native, id=47668, stack(0x000000002ae90000,0x000000002af90000)]
  0x0000000029ecb800 JavaThread "http-nio-auto-1-ClientPoller-0" daemon [_thread_in_native, id=11572, stack(0x0000000029900000,0x0000000029a00000)]
  0x000000002530f800 JavaThread "NioBlockingSelector.BlockPoller-1" daemon [_thread_in_native, id=1760, stack(0x0000000029800000,0x0000000029900000)]
  0x000000001f87f800 JavaThread "spring.cloud.inetutils" daemon [_thread_blocked, id=46016, stack(0x00000000258d0000,0x00000000259d0000)]
  0x0000000020fa2000 JavaThread "container-0" [_thread_blocked, id=5500, stack(0x00000000257d0000,0x00000000258d0000)]
  0x000000001f6ff800 JavaThread "ContainerBackgroundProcessor[StandardEngine[Tomcat]]" daemon [_thread_blocked, id=28148, stack(0x00000000246a0000,0x00000000247a0000)]
  0x0000000021ce4000 JavaThread "localhost-startStop-1" daemon [_thread_blocked, id=6136, stack(0x0000000022b90000,0x0000000022c90000)]
  0x00000000278ab800 JavaThread "Tomcat-startStop-1" daemon [_thread_blocked, id=48032, stack(0x0000000022490000,0x0000000022590000)]
  0x000000001f456000 JavaThread "Service Thread" daemon [_thread_blocked, id=48788, stack(0x000000001fe70000,0x000000001ff70000)]
  0x000000001f3a9800 JavaThread "C1 CompilerThread3" daemon [_thread_blocked, id=44976, stack(0x000000001fd70000,0x000000001fe70000)]
=>0x000000001f3a5000 JavaThread "C2 CompilerThread2" daemon [_thread_in_native, id=45932, stack(0x000000001fc70000,0x000000001fd70000)]
  0x000000001f3a4000 JavaThread "C2 CompilerThread1" daemon [_thread_in_native, id=48532, stack(0x000000001fb70000,0x000000001fc70000)]
  0x000000001f3a3800 JavaThread "C2 CompilerThread0" daemon [_thread_in_native, id=31312, stack(0x000000001fa70000,0x000000001fb70000)]
  0x000000001e6c5000 JavaThread "JDWP Command Reader" daemon [_thread_in_native, id=49036, stack(0x000000001f170000,0x000000001f270000)]
  0x000000001e6c0000 JavaThread "JDWP Event Helper Thread" daemon [_thread_blocked, id=6140, stack(0x000000001f070000,0x000000001f170000)]
  0x000000001e6b4000 JavaThread "JDWP Transport Listener: dt_socket" daemon [_thread_blocked, id=336, stack(0x000000001ef70000,0x000000001f070000)]
  0x000000001e6a8000 JavaThread "Attach Listener" daemon [_thread_blocked, id=49552, stack(0x000000001ee70000,0x000000001ef70000)]
  0x000000001e6a7000 JavaThread "Signal Dispatcher" daemon [_thread_blocked, id=41272, stack(0x000000001ed70000,0x000000001ee70000)]
  0x000000001e691800 JavaThread "Finalizer" daemon [_thread_blocked, id=44732, stack(0x000000001eb70000,0x000000001ec70000)]
  0x000000001e690800 JavaThread "Reference Handler" daemon [_thread_blocked, id=10660, stack(0x000000001ea70000,0x000000001eb70000)]
  0x0000000002c48000 JavaThread "main" [_thread_in_native, id=4584, stack(0x0000000002b40000,0x0000000002c40000)]

Other Threads:
  0x0000000002d3e800 VMThread [stack: 0x000000001e570000,0x000000001e670000] [id=5520]
  0x000000001f4ec000 WatcherThread [stack: 0x000000001ff70000,0x0000000020070000] [id=39084]

VM state:not at safepoint (normal execution)

VM Mutex/Monitor currently owned by a thread: None

heap address: 0x00000006c1c00000, size: 4068 MB, Compressed Oops mode: Zero based, Oop shift amount: 3
Narrow klass base: 0x0000000000000000, Narrow klass shift: 3
Compressed class space size: 1073741824 Address: 0x00000007c0000000

Heap:
 PSYoungGen      total 165376K, used 5209K [0x000000076b400000, 0x000000077aa00000, 0x00000007c0000000)
  eden space 150016K, 3% used [0x000000076b400000,0x000000076b916730,0x0000000774680000)
  from space 15360K, 0% used [0x0000000774680000,0x0000000774680000,0x0000000775580000)
  to   space 17408K, 0% used [0x0000000779900000,0x0000000779900000,0x000000077aa00000)
 ParOldGen       total 171008K, used 22440K [0x00000006c1c00000, 0x00000006cc300000, 0x000000076b400000)
  object space 171008K, 13% used [0x00000006c1c00000,0x00000006c31ea2d8,0x00000006cc300000)
 Metaspace       used 35849K, capacity 36234K, committed 36608K, reserved 1081344K
  class space    used 4393K, capacity 4490K, committed 4608K, reserved 1048576K

Card table byte_map: [0x0000000012200000,0x0000000012a00000] byte_map_base: 0x000000000ebf2000

Marking Bits: (ParMarkBitMap*) 0x000000005c365ce0
 Begin Bits: [0x0000000013750000, 0x00000000176e0000)
 End Bits:   [0x00000000176e0000, 0x000000001b670000)

Polling page: 0x0000000000c20000

CodeCache: size=245760Kb used=14271Kb max_used=14535Kb free=231488Kb
 bounds [0x0000000002e40000, 0x0000000003c90000, 0x0000000011e40000]
 total_blobs=3866 nmethods=3442 adapters=344
 compilation: enabled

Compilation events (10 events):
Event: 12.389 Thread 0x000000001f3a9800 4029       3       sun.security.provider.SHA2::lf_delta0 (20 bytes)
Event: 12.389 Thread 0x000000001f3a9800 nmethod 4029 0x0000000003814310 code [0x0000000003814480, 0x00000000038146f0]
Event: 12.393 Thread 0x000000001f3a9800 4032       3       sun.security.util.DerInputStream::available (8 bytes)
Event: 12.393 Thread 0x000000001f3a9800 nmethod 4032 0x00000000031bee90 code [0x00000000031bf000, 0x00000000031bf3d0]
Event: 12.394 Thread 0x000000001f3a9800 4034       3       sun.misc.IOUtils::readFully (138 bytes)
Event: 12.395 Thread 0x000000001f3a9800 nmethod 4034 0x0000000003283650 code [0x0000000003283860, 0x0000000003284518]
Event: 12.395 Thread 0x000000001f3a9800 4035       3       sun.security.util.DerInputStream::<init> (19 bytes)
Event: 12.395 Thread 0x000000001f3a9800 nmethod 4035 0x00000000031bbbd0 code [0x00000000031bbd40, 0x00000000031bbff0]
Event: 12.396 Thread 0x000000001f3a9800 4036  s    2       java.util.Hashtable::get (69 bytes)
Event: 12.397 Thread 0x000000001f3a9800 nmethod 4036 0x00000000031adcd0 code [0x00000000031ade60, 0x00000000031ae2d8]

GC Heap History (10 events):
Event: 4.582 GC heap before
{Heap before GC invocations=5 (full 1):
 PSYoungGen      total 76288K, used 65536K [0x000000076b400000, 0x0000000774900000, 0x00000007c0000000)
  eden space 65536K, 100% used [0x000000076b400000,0x000000076f400000,0x000000076f400000)
  from space 10752K, 0% used [0x000000076f400000,0x000000076f400000,0x000000076fe80000)
  to   space 10752K, 0% used [0x0000000773e80000,0x0000000773e80000,0x0000000774900000)
 ParOldGen       total 106496K, used 10010K [0x00000006c1c00000, 0x00000006c8400000, 0x000000076b400000)
  object space 106496K, 9% used [0x00000006c1c00000,0x00000006c25c6ba8,0x00000006c8400000)
 Metaspace       used 23649K, capacity 23878K, committed 24064K, reserved 1071104K
  class space    used 2916K, capacity 2982K, committed 3072K, reserved 1048576K
Event: 4.588 GC heap after
Heap after GC invocations=5 (full 1):
 PSYoungGen      total 104448K, used 4150K [0x000000076b400000, 0x0000000774300000, 0x00000007c0000000)
  eden space 99840K, 0% used [0x000000076b400000,0x000000076b400000,0x0000000771580000)
  from space 4608K, 90% used [0x0000000773e80000,0x000000077428dad0,0x0000000774300000)
  to   space 10752K, 0% used [0x0000000772e00000,0x0000000772e00000,0x0000000773880000)
 ParOldGen       total 106496K, used 10018K [0x00000006c1c00000, 0x00000006c8400000, 0x000000076b400000)
  object space 106496K, 9% used [0x00000006c1c00000,0x00000006c25c8ba8,0x00000006c8400000)
 Metaspace       used 23649K, capacity 23878K, committed 24064K, reserved 1071104K
  class space    used 2916K, capacity 2982K, committed 3072K, reserved 1048576K
}
Event: 5.648 GC heap before
{Heap before GC invocations=6 (full 1):
 PSYoungGen      total 104448K, used 103990K [0x000000076b400000, 0x0000000774300000, 0x00000007c0000000)
  eden space 99840K, 100% used [0x000000076b400000,0x0000000771580000,0x0000000771580000)
  from space 4608K, 90% used [0x0000000773e80000,0x000000077428dad0,0x0000000774300000)
  to   space 10752K, 0% used [0x0000000772e00000,0x0000000772e00000,0x0000000773880000)
 ParOldGen       total 106496K, used 10018K [0x00000006c1c00000, 0x00000006c8400000, 0x000000076b400000)
  object space 106496K, 9% used [0x00000006c1c00000,0x00000006c25c8ba8,0x00000006c8400000)
 Metaspace       used 26536K, capacity 26792K, committed 27264K, reserved 1073152K
  class space    used 3253K, capacity 3345K, committed 3456K, reserved 1048576K
Event: 5.666 GC heap after
Heap after GC invocations=6 (full 1):
 PSYoungGen      total 135680K, used 7032K [0x000000076b400000, 0x0000000776300000, 0x00000007c0000000)
  eden space 124928K, 0% used [0x000000076b400000,0x000000076b400000,0x0000000772e00000)
  from space 10752K, 65% used [0x0000000772e00000,0x00000007734de3b0,0x0000000773880000)
  to   space 13824K, 0% used [0x0000000775580000,0x0000000775580000,0x0000000776300000)
 ParOldGen       total 106496K, used 10018K [0x00000006c1c00000, 0x00000006c8400000, 0x000000076b400000)
  object space 106496K, 9% used [0x00000006c1c00000,0x00000006c25c8ba8,0x00000006c8400000)
 Metaspace       used 26536K, capacity 26792K, committed 27264K, reserved 1073152K
  class space    used 3253K, capacity 3345K, committed 3456K, reserved 1048576K
}
Event: 8.671 GC heap before
{Heap before GC invocations=7 (full 1):
 PSYoungGen      total 135680K, used 131960K [0x000000076b400000, 0x0000000776300000, 0x00000007c0000000)
  eden space 124928K, 100% used [0x000000076b400000,0x0000000772e00000,0x0000000772e00000)
  from space 10752K, 65% used [0x0000000772e00000,0x00000007734de3b0,0x0000000773880000)
  to   space 13824K, 0% used [0x0000000775580000,0x0000000775580000,0x0000000776300000)
 ParOldGen       total 106496K, used 10018K [0x00000006c1c00000, 0x00000006c8400000, 0x000000076b400000)
  object space 106496K, 9% used [0x00000006c1c00000,0x00000006c25c8ba8,0x00000006c8400000)
 Metaspace       used 30690K, capacity 30974K, committed 31232K, reserved 1077248K
  class space    used 3742K, capacity 3834K, committed 3840K, reserved 1048576K
Event: 8.696 GC heap after
Heap after GC invocations=7 (full 1):
 PSYoungGen      total 163840K, used 12377K [0x000000076b400000, 0x0000000778700000, 0x00000007c0000000)
  eden space 150016K, 0% used [0x000000076b400000,0x000000076b400000,0x0000000774680000)
  from space 13824K, 89% used [0x0000000775580000,0x00000007761966c0,0x0000000776300000)
  to   space 15360K, 0% used [0x0000000774680000,0x0000000774680000,0x0000000775580000)
 ParOldGen       total 106496K, used 10026K [0x00000006c1c00000, 0x00000006c8400000, 0x000000076b400000)
  object space 106496K, 9% used [0x00000006c1c00000,0x00000006c25caba8,0x00000006c8400000)
 Metaspace       used 30690K, capacity 30974K, committed 31232K, reserved 1077248K
  class space    used 3742K, capacity 3834K, committed 3840K, reserved 1048576K
}
Event: 12.100 GC heap before
{Heap before GC invocations=8 (full 1):
 PSYoungGen      total 163840K, used 160824K [0x000000076b400000, 0x0000000778700000, 0x00000007c0000000)
  eden space 150016K, 98% used [0x000000076b400000,0x00000007744f79b8,0x0000000774680000)
  from space 13824K, 89% used [0x0000000775580000,0x00000007761966c0,0x0000000776300000)
  to   space 15360K, 0% used [0x0000000774680000,0x0000000774680000,0x0000000775580000)
 ParOldGen       total 106496K, used 10026K [0x00000006c1c00000, 0x00000006c8400000, 0x000000076b400000)
  object space 106496K, 9% used [0x00000006c1c00000,0x00000006c25caba8,0x00000006c8400000)
 Metaspace       used 34759K, capacity 35102K, committed 35456K, reserved 1081344K
  class space    used 4280K, capacity 4390K, committed 4480K, reserved 1048576K
Event: 12.124 GC heap after
Heap after GC invocations=8 (full 1):
 PSYoungGen      total 165376K, used 14911K [0x000000076b400000, 0x000000077aa00000, 0x00000007c0000000)
  eden space 150016K, 0% used [0x000000076b400000,0x000000076b400000,0x0000000774680000)
  from space 15360K, 97% used [0x0000000774680000,0x000000077550feb0,0x0000000775580000)
  to   space 17408K, 0% used [0x0000000779900000,0x0000000779900000,0x000000077aa00000)
 ParOldGen       total 106496K, used 10034K [0x00000006c1c00000, 0x00000006c8400000, 0x000000076b400000)
  object space 106496K, 9% used [0x00000006c1c00000,0x00000006c25ccba8,0x00000006c8400000)
 Metaspace       used 34759K, capacity 35102K, committed 35456K, reserved 1081344K
  class space    used 4280K, capacity 4390K, committed 4480K, reserved 1048576K
}
Event: 12.124 GC heap before
{Heap before GC invocations=9 (full 2):
 PSYoungGen      total 165376K, used 14911K [0x000000076b400000, 0x000000077aa00000, 0x00000007c0000000)
  eden space 150016K, 0% used [0x000000076b400000,0x000000076b400000,0x0000000774680000)
  from space 15360K, 97% used [0x0000000774680000,0x000000077550feb0,0x0000000775580000)
  to   space 17408K, 0% used [0x0000000779900000,0x0000000779900000,0x000000077aa00000)
 ParOldGen       total 106496K, used 10034K [0x00000006c1c00000, 0x00000006c8400000, 0x000000076b400000)
  object space 106496K, 9% used [0x00000006c1c00000,0x00000006c25ccba8,0x00000006c8400000)
 Metaspace       used 34759K, capacity 35102K, committed 35456K, reserved 1081344K
  class space    used 4280K, capacity 4390K, committed 4480K, reserved 1048576K
Event: 12.271 GC heap after
Heap after GC invocations=9 (full 2):
 PSYoungGen      total 165376K, used 0K [0x000000076b400000, 0x000000077aa00000, 0x00000007c0000000)
  eden space 150016K, 0% used [0x000000076b400000,0x000000076b400000,0x0000000774680000)
  from space 15360K, 0% used [0x0000000774680000,0x0000000774680000,0x0000000775580000)
  to   space 17408K, 0% used [0x0000000779900000,0x0000000779900000,0x000000077aa00000)
 ParOldGen       total 171008K, used 22440K [0x00000006c1c00000, 0x00000006cc300000, 0x000000076b400000)
  object space 171008K, 13% used [0x00000006c1c00000,0x00000006c31ea2d8,0x00000006cc300000)
 Metaspace       used 34759K, capacity 35102K, committed 35456K, reserved 1081344K
  class space    used 4280K, capacity 4390K, committed 4480K, reserved 1048576K
}

Deoptimization events (10 events):
Event: 12.291 Thread 0x0000000002c48000 Uncommon trap: reason=unstable_if action=reinterpret pc=0x000000000342e71c method=java.util.HashMap.putVal(ILjava/lang/Object;Ljava/lang/Object;ZZ)Ljava/lang/Object; @ 236
Event: 12.316 Thread 0x0000000002c48000 Uncommon trap: reason=unstable_if action=reinterpret pc=0x00000000030fcda4 method=java.lang.CharacterDataLatin1.isWhitespace(I)Z @ 14
Event: 12.333 Thread 0x0000000002c48000 Uncommon trap: reason=null_assert action=make_not_entrant pc=0x00000000034871c0 method=java.util.jar.JarFile.maybeInstantiateVerifier()V @ 4
Event: 12.335 Thread 0x0000000002c48000 Uncommon trap: reason=unstable_if action=reinterpret pc=0x000000000399dbac method=java.security.CodeSource.getCertificates()[Ljava/security/cert/Certificate; @ 22
Event: 12.336 Thread 0x0000000002c48000 Uncommon trap: reason=null_assert action=make_not_entrant pc=0x00000000039b8ee0 method=java.util.jar.JarFile.maybeInstantiateVerifier()V @ 4
Event: 12.337 Thread 0x0000000002c48000 Uncommon trap: reason=unstable_if action=reinterpret pc=0x00000000035b95c4 method=java.net.URI.match(CJJ)Z @ 19
Event: 12.374 Thread 0x0000000002c48000 Uncommon trap: reason=class_check action=maybe_recompile pc=0x0000000003498bec method=java.util.AbstractList$Itr.hasNext()Z @ 8
Event: 12.374 Thread 0x0000000002c48000 Uncommon trap: reason=class_check action=maybe_recompile pc=0x00000000034f4ef8 method=java.util.AbstractList$Itr.next()Ljava/lang/Object; @ 14
Event: 12.378 Thread 0x0000000002c48000 Uncommon trap: reason=class_check action=maybe_recompile pc=0x0000000003498bec method=java.util.AbstractList$Itr.hasNext()Z @ 8
Event: 12.378 Thread 0x0000000002c48000 Uncommon trap: reason=class_check action=maybe_recompile pc=0x00000000034f4ef8 method=java.util.AbstractList$Itr.next()Ljava/lang/Object; @ 14

Classes redefined (0 events):
No events

Internal exceptions (10 events):
Event: 11.467 Thread 0x0000000002c48000 Exception <a 'java/lang/ClassNotFoundException': org/springframework/beans/factory/DisposableBeanCustomizer> (0x00000007721a93a0) thrown at [C:\re\workspace\8-2-build-windows-amd64-cygwin\jdk8u211\12973\hotspot\src\share\vm\classfile\systemDictionary.cpp,
Event: 11.473 Thread 0x0000000002c48000 Exception <a 'java/lang/ClassNotFoundException': java/lang/ObjectCustomizer> (0x00000007721d3018) thrown at [C:\re\workspace\8-2-build-windows-amd64-cygwin\jdk8u211\12973\hotspot\src\share\vm\classfile\systemDictionary.cpp, line 210]
Event: 11.475 Thread 0x0000000002c48000 Exception <a 'java/lang/ClassNotFoundException': org/springframework/jmx/export/metadata/AbstractJmxAttributeCustomizer> (0x00000007721f5a08) thrown at [C:\re\workspace\8-2-build-windows-amd64-cygwin\jdk8u211\12973\hotspot\src\share\vm\classfile\systemDic
Event: 11.477 Thread 0x0000000002c48000 Exception <a 'java/lang/ClassNotFoundException': org/springframework/jmx/export/metadata/ManagedAttributeCustomizer> (0x00000007722189e0) thrown at [C:\re\workspace\8-2-build-windows-amd64-cygwin\jdk8u211\12973\hotspot\src\share\vm\classfile\systemDiction
Event: 11.503 Thread 0x0000000002c48000 Exception <a 'java/lang/ClassNotFoundException': java/lang/ObjectCustomizer> (0x00000007722d5490) thrown at [C:\re\workspace\8-2-build-windows-amd64-cygwin\jdk8u211\12973\hotspot\src\share\vm\classfile\systemDictionary.cpp, line 210]
Event: 11.504 Thread 0x0000000002c48000 Exception <a 'java/lang/ClassNotFoundException': org/springframework/cloud/bootstrap/config/PropertySourceBootstrapPropertiesCustomizer> (0x00000007722fd2e0) thrown at [C:\re\workspace\8-2-build-windows-amd64-cygwin\jdk8u211\12973\hotspot\src\share\vm\cla
Event: 11.587 Thread 0x0000000002c48000 Exception <a 'java/lang/ClassNotFoundException': java/lang/ObjectCustomizer> (0x00000007727a05d8) thrown at [C:\re\workspace\8-2-build-windows-amd64-cygwin\jdk8u211\12973\hotspot\src\share\vm\classfile\systemDictionary.cpp, line 210]
Event: 11.588 Thread 0x0000000002c48000 Exception <a 'java/lang/ClassNotFoundException': org/springframework/cloud/bootstrap/encrypt/KeyPropertiesCustomizer> (0x00000007727c2888) thrown at [C:\re\workspace\8-2-build-windows-amd64-cygwin\jdk8u211\12973\hotspot\src\share\vm\classfile\systemDictio
Event: 11.928 Thread 0x0000000002c48000 Exception <a 'java/lang/ClassNotFoundException': java/lang/ObjectCustomizer> (0x00000007738c19f8) thrown at [C:\re\workspace\8-2-build-windows-amd64-cygwin\jdk8u211\12973\hotspot\src\share\vm\classfile\systemDictionary.cpp, line 210]
Event: 11.929 Thread 0x0000000002c48000 Exception <a 'java/lang/ClassNotFoundException': com/netflix/appinfo/ApplicationInfoManagerCustomizer> (0x00000007738de820) thrown at [C:\re\workspace\8-2-build-windows-amd64-cygwin\jdk8u211\12973\hotspot\src\share\vm\classfile\systemDictionary.cpp, line 

Events (10 events):
Event: 12.390 loading class javax/crypto/JarVerifier$1
Event: 12.390 loading class javax/crypto/JarVerifier$1 done
Event: 12.390 loading class sun/security/util/Pem
Event: 12.390 loading class sun/security/util/Pem done
Event: 12.395 loading class sun/security/validator/Validator
Event: 12.395 loading class sun/security/validator/Validator done
Event: 12.395 loading class sun/security/validator/SimpleValidator
Event: 12.395 loading class sun/security/validator/SimpleValidator done
Event: 12.395 loading class sun/security/validator/EndEntityChecker
Event: 12.396 loading class sun/security/validator/EndEntityChecker done


Dynamic libraries:
0x00007ff7fd320000 - 0x00007ff7fd357000 	C:\Program Files\Java\jdk1.8.0_211\bin\java.exe
0x00007ffb3d450000 - 0x00007ffb3d645000 	C:\WINDOWS\SYSTEM32\ntdll.dll
0x00007ffb3b520000 - 0x00007ffb3b5dd000 	C:\WINDOWS\System32\KERNEL32.DLL
0x00007ffb3ae40000 - 0x00007ffb3b109000 	C:\WINDOWS\System32\KERNELBASE.dll
0x00007ffb3c490000 - 0x00007ffb3c53c000 	C:\WINDOWS\System32\ADVAPI32.dll
0x00007ffb3b8b0000 - 0x00007ffb3b94e000 	C:\WINDOWS\System32\msvcrt.dll
0x00007ffb3c560000 - 0x00007ffb3c5fb000 	C:\WINDOWS\System32\sechost.dll
0x00007ffb3cf50000 - 0x00007ffb3d07a000 	C:\WINDOWS\System32\RPCRT4.dll
0x00007ffb3b6a0000 - 0x00007ffb3b840000 	C:\WINDOWS\System32\USER32.dll
0x00007ffb3ab90000 - 0x00007ffb3abb2000 	C:\WINDOWS\System32\win32u.dll
0x00007ffb3d3e0000 - 0x00007ffb3d40a000 	C:\WINDOWS\System32\GDI32.dll
0x00007ffb3b300000 - 0x00007ffb3b40b000 	C:\WINDOWS\System32\gdi32full.dll
0x00007ffb3abc0000 - 0x00007ffb3ac5d000 	C:\WINDOWS\System32\msvcp_win.dll
0x00007ffb3ad40000 - 0x00007ffb3ae40000 	C:\WINDOWS\System32\ucrtbase.dll
0x00007ffb287f0000 - 0x00007ffb28a8a000 	C:\WINDOWS\WinSxS\amd64_microsoft.windows.common-controls_6595b64144ccf1df_6.0.19041.1110_none_60b5254171f9507e\COMCTL32.dll
0x00007ffb3b5e0000 - 0x00007ffb3b610000 	C:\WINDOWS\System32\IMM32.DLL
0x000000005cab0000 - 0x000000005cb82000 	C:\Program Files\Java\jdk1.8.0_211\jre\bin\msvcr100.dll
0x000000005bb40000 - 0x000000005c3e5000 	C:\Program Files\Java\jdk1.8.0_211\jre\bin\server\jvm.dll
0x00007ffb3bff0000 - 0x00007ffb3bff8000 	C:\WINDOWS\System32\PSAPI.DLL
0x00007ffb26d10000 - 0x00007ffb26d37000 	C:\WINDOWS\SYSTEM32\WINMM.dll
0x00007ffb24780000 - 0x00007ffb24789000 	C:\WINDOWS\SYSTEM32\WSOCK32.dll
0x00007ffb33e20000 - 0x00007ffb33e2a000 	C:\WINDOWS\SYSTEM32\VERSION.dll
0x00007ffb3c3c0000 - 0x00007ffb3c42b000 	C:\WINDOWS\System32\WS2_32.dll
0x00007ffb35520000 - 0x00007ffb3552f000 	C:\Program Files\Java\jdk1.8.0_211\jre\bin\verify.dll
0x00007ffb33c30000 - 0x00007ffb33c59000 	C:\Program Files\Java\jdk1.8.0_211\jre\bin\java.dll
0x00007ffb1f7e0000 - 0x00007ffb1f815000 	C:\Program Files\Java\jdk1.8.0_211\jre\bin\jdwp.dll
0x00007ffb35500000 - 0x00007ffb35508000 	C:\Program Files\Java\jdk1.8.0_211\jre\bin\npt.dll
0x00007ffb1f100000 - 0x00007ffb1f123000 	C:\Program Files\Java\jdk1.8.0_211\jre\bin\instrument.dll
0x00007ffb224b0000 - 0x00007ffb224c6000 	C:\Program Files\Java\jdk1.8.0_211\jre\bin\zip.dll
0x00007ffb3c6e0000 - 0x00007ffb3ce1f000 	C:\WINDOWS\System32\SHELL32.dll
0x00007ffb38ca0000 - 0x00007ffb39431000 	C:\WINDOWS\SYSTEM32\windows.storage.dll
0x00007ffb3c060000 - 0x00007ffb3c3b5000 	C:\WINDOWS\System32\combase.dll
0x00007ffb3a600000 - 0x00007ffb3a62c000 	C:\WINDOWS\SYSTEM32\Wldp.dll
0x00007ffb3ba20000 - 0x00007ffb3bace000 	C:\WINDOWS\System32\SHCORE.dll
0x00007ffb3b840000 - 0x00007ffb3b895000 	C:\WINDOWS\System32\shlwapi.dll
0x00007ffb3aad0000 - 0x00007ffb3aaef000 	C:\WINDOWS\SYSTEM32\profapi.dll
0x00007ffb33c20000 - 0x00007ffb33c29000 	C:\Program Files\Java\jdk1.8.0_211\jre\bin\dt_socket.dll
0x00007ffb3a360000 - 0x00007ffb3a3ca000 	C:\WINDOWS\system32\mswsock.dll
0x00007ffb1f020000 - 0x00007ffb1f03a000 	C:\Program Files\Java\jdk1.8.0_211\jre\bin\net.dll
0x00007ffb2b530000 - 0x00007ffb2b71c000 	C:\WINDOWS\SYSTEM32\urlmon.dll
0x00007ffb2b900000 - 0x00007ffb2bbb0000 	C:\WINDOWS\SYSTEM32\iertutil.dll
0x00007ffb2b500000 - 0x00007ffb2b528000 	C:\WINDOWS\SYSTEM32\srvcli.dll
0x00007ffb3a040000 - 0x00007ffb3a04c000 	C:\WINDOWS\SYSTEM32\netutils.dll
0x00007ffb3a000000 - 0x00007ffb3a03b000 	C:\WINDOWS\SYSTEM32\IPHLPAPI.DLL
0x00007ffb3b8a0000 - 0x00007ffb3b8a8000 	C:\WINDOWS\System32\NSI.dll
0x00007ffb382b0000 - 0x00007ffb382c7000 	C:\WINDOWS\SYSTEM32\dhcpcsvc6.DLL
0x00007ffb38280000 - 0x00007ffb3829d000 	C:\WINDOWS\SYSTEM32\dhcpcsvc.DLL
0x00007ffb3a050000 - 0x00007ffb3a11c000 	C:\WINDOWS\SYSTEM32\DNSAPI.dll
0x00007ffb272b0000 - 0x00007ffb272ba000 	C:\Windows\System32\rasadhlp.dll
0x00007ffb33b60000 - 0x00007ffb33b6d000 	C:\Program Files\Java\jdk1.8.0_211\jre\bin\management.dll
0x00007ffb247b0000 - 0x00007ffb247c7000 	C:\WINDOWS\system32\napinsp.dll
0x00007ffb278e0000 - 0x00007ffb278fb000 	C:\WINDOWS\system32\pnrpnsp.dll
0x00007ffb27580000 - 0x00007ffb27595000 	C:\WINDOWS\system32\wshbth.dll
0x00007ffb361f0000 - 0x00007ffb3620d000 	C:\WINDOWS\system32\NLAapi.dll
0x00007ffb35560000 - 0x00007ffb35572000 	C:\WINDOWS\System32\winrnr.dll
0x00007ffb274f0000 - 0x00007ffb2756f000 	C:\WINDOWS\System32\fwpuclnt.dll
0x00007ffb3ad10000 - 0x00007ffb3ad37000 	C:\WINDOWS\System32\bcrypt.dll
0x00007ffb1eb80000 - 0x00007ffb1eb92000 	C:\Program Files\Java\jdk1.8.0_211\jre\bin\nio.dll
0x00007ffb3a540000 - 0x00007ffb3a558000 	C:\WINDOWS\SYSTEM32\CRYPTSP.dll
0x00007ffb39c90000 - 0x00007ffb39cc4000 	C:\WINDOWS\system32\rsaenh.dll
0x00007ffb3aa90000 - 0x00007ffb3aabe000 	C:\WINDOWS\SYSTEM32\USERENV.dll
0x00007ffb3b110000 - 0x00007ffb3b193000 	C:\WINDOWS\System32\bcryptprimitives.dll
0x00007ffb3a560000 - 0x00007ffb3a56c000 	C:\WINDOWS\SYSTEM32\CRYPTBASE.dll
0x00007ffb24270000 - 0x00007ffb24294000 	C:\Program Files\Java\jdk1.8.0_211\jre\bin\sunec.dll

VM Arguments:
jvm_args: -agentlib:jdwp=transport=dt_socket,address=127.0.0.1:63273,suspend=y,server=n -javaagent:C:\Users\Cooper\AppData\Local\JetBrains\IdeaIC2020.1\captureAgent\debugger-agent.jar -Dfile.encoding=UTF-8 
java_command: com.cloud.eureka.client1.EurekaClient1App
java_class_path (initial): C:\Program Files\Java\jdk1.8.0_211\jre\lib\charsets.jar;C:\Program Files\Java\jdk1.8.0_211\jre\lib\deploy.jar;C:\Program Files\Java\jdk1.8.0_211\jre\lib\ext\access-bridge-64.jar;C:\Program Files\Java\jdk1.8.0_211\jre\lib\ext\cldrdata.jar;C:\Program Files\Java\jdk1.8.0_211\jre\lib\ext\dnsns.jar;C:\Program Files\Java\jdk1.8.0_211\jre\lib\ext\jaccess.jar;C:\Program Files\Java\jdk1.8.0_211\jre\lib\ext\jfxrt.jar;C:\Program Files\Java\jdk1.8.0_211\jre\lib\ext\localedata.jar;C:\Program Files\Java\jdk1.8.0_211\jre\lib\ext\nashorn.jar;C:\Program Files\Java\jdk1.8.0_211\jre\lib\ext\sunec.jar;C:\Program Files\Java\jdk1.8.0_211\jre\lib\ext\sunjce_provider.jar;C:\Program Files\Java\jdk1.8.0_211\jre\lib\ext\sunmscapi.jar;C:\Program Files\Java\jdk1.8.0_211\jre\lib\ext\sunpkcs11.jar;C:\Program Files\Java\jdk1.8.0_211\jre\lib\ext\zipfs.jar;C:\Program Files\Java\jdk1.8.0_211\jre\lib\javaws.jar;C:\Program Files\Java\jdk1.8.0_211\jre\lib\jce.jar;C:\Program Files\Java\jdk1.8.0_211\jre\lib\jfr.jar;C:\Program Files\Java\jdk1.8.0_211\jre\lib\jfxswt.jar;C:\Program Files\Java\jdk1.8.0_211\jre\lib\jsse.jar;C:\Program Files\Java\jdk1.8.0_211\jre\lib\management-agent.jar;C:\Program Files\Java\jdk1.8.0_211\jre\lib\plugin.jar;C:\Program Files\Java\jdk1.8.0_211\jre\lib\resources.jar;C:\Program Files\Java\jdk1.8.0_211\jre\lib\rt.jar;C:\Users\Cooper\IdeaProjects\spring-cloud-test\eureka-client-app-1\target\classes;C:\Users\Cooper\.m2\repository\org\springframework\cloud\spring-cloud-starter-eureka\1.4.7.RELEASE\spring-cloud-starter-eureka-1.4.7.RELEASE.jar;C:\Users\Cooper\.m2\repository\org\springframework\cloud\spring-cloud-starter-netflix-eureka-client\1.4.7.RELEASE\spring-cloud-starter-netflix-eureka-client-1.4.7.RELEASE.jar;C:\Users\Cooper\.m2\repository\org\springframework\boot\spring-boot-starter-web\1.5.2.RELEASE\spring-boot-starter-web-1.5.2.RELEASE.jar;C:\Users\Cooper\.m2\repository\org\springframework\boot\spring-boot-starter\1.5.2.RELEASE\spring-boot-starter-1
Launcher Type: SUN_STANDARD

Environment Variables:
JAVA_HOME=C:\Program Files\Java\jdk1.8.0_211
PATH=C:\WINDOWS\system32;C:\WINDOWS;C:\WINDOWS\System32\Wbem;C:\WINDOWS\System32\WindowsPowerShell\v1.0\;C:\WINDOWS\System32\OpenSSH\;C:\Program Files\Java\jdk1.8.0_211\bin;C:\Program Files\Apache\apache-maven-3.6.1\bin;C:\Program Files\Git\cmd;C:\Program Files\nodejs\;C:\Users\Cooper\AppData\Local\Programs\Python\Python38-32\Scripts\;C:\Users\Cooper\AppData\Local\Programs\Python\Python38-32\;C:\Users\Cooper\AppData\Local\Microsoft\WindowsApps;;C:\Program Files\JetBrains\PyCharm Community Edition 2020.1.2\bin;;C:\Program Files\JetBrains\WebStorm 2020.2.3\bin;;C:\Users\Cooper\AppData\Local\Programs\Microsoft VS Code\bin;C:\Users\Cooper\AppData\Roaming\npm
USERNAME=Cooper
OS=Windows_NT
PROCESSOR_IDENTIFIER=Intel64 Family 6 Model 158 Stepping 9, GenuineIntel



---------------  S Y S T E M  ---------------

OS: Windows 10.0 , 64 bit Build 19041 (10.0.19041.1023)

CPU:total 8 (initial active 8) (4 cores per cpu, 2 threads per core) family 6 model 158 stepping 9, cmov, cx8, fxsr, mmx, sse, sse2, sse3, ssse3, sse4.1, sse4.2, popcnt, avx, avx2, aes, clmul, erms, 3dnowpref, lzcnt, ht, tsc, tscinvbit, bmi1, bmi2, adx

Memory: 4k page, physical 16659600k(7210016k free), swap 17478800k(5120k free)

vm_info: Java HotSpot(TM) 64-Bit Server VM (25.211-b12) for windows-amd64 JRE (1.8.0_211-b12), built on Apr  1 2019 20:53:26 by "java_re" with MS VC++ 10.0 (VS2010)

time: Wed Aug 04 21:48:11 2021
timezone: Central European Daylight Time
elapsed time: 12 seconds (0d 0h 0m 12s)

